PING RECV: 1,689,862,731,157
PING RECV: 1,689,862,752,386
PING RECV: 1,689,862,763,721
PING RECV: 7/20/2023, 2:23:26 PM
PING RECV: 7/20/2023, 2:23:46 PM
7/20/2023, 2:25:45 PM
PING RECV: 7/20/2023, 2:25:52 PM
PING RECV: 7/20/2023, 2:26:06 PM
7/20/2023, 2:27:45 PM
7/20/2023, 2:29:45 PM
PING RECV: 7/20/2023, 2:30:52 PM
PING RECV: 7/20/2023, 2:31:06 PM
7/20/2023, 2:31:46 PM
7/20/2023, 2:33:46 PM
7/20/2023, 2:35:46 PM
PING RECV: 7/20/2023, 2:35:52 PM
PING RECV: 7/20/2023, 2:36:06 PM
7/20/2023, 2:37:46 PM
7/20/2023, 2:39:46 PM
PING RECV: 7/20/2023, 2:40:52 PM
PING RECV: 7/20/2023, 2:41:06 PM
7/20/2023, 2:41:46 PM
7/20/2023, 2:43:46 PM
7/20/2023, 2:45:46 PM
PING RECV: 7/20/2023, 2:45:52 PM
PING RECV: 7/20/2023, 2:46:06 PM
7/20/2023, 2:47:46 PM
7/20/2023, 2:49:46 PM
PING RECV: 7/20/2023, 2:50:52 PM
PING RECV: 7/20/2023, 2:51:06 PM
7/20/2023, 2:51:46 PM
7/20/2023, 2:53:46 PM
7/20/2023, 2:55:46 PM
PING RECV: 7/20/2023, 2:55:52 PM
PING RECV: 7/20/2023, 2:56:06 PM
7/20/2023, 2:57:46 PM
7/20/2023, 2:59:46 PM
PING RECV: 7/20/2023, 3:00:52 PM
PING RECV: 7/20/2023, 3:01:06 PM
7/20/2023, 3:01:46 PM
7/20/2023, 3:03:46 PM
7/20/2023, 3:05:46 PM
PING RECV: 7/20/2023, 3:05:52 PM
PING RECV: 7/20/2023, 3:06:06 PM
7/20/2023, 3:07:46 PM
7/20/2023, 3:30:43 PM
PING RECV: 7/20/2023, 3:30:52 PM
PING RECV: 7/20/2023, 3:32:26 PM
7/20/2023, 3:32:43 PM
7/20/2023, 3:34:43 PM
PING RECV: 7/20/2023, 3:35:52 PM
7/20/2023, 3:36:43 PM
PING RECV: 7/20/2023, 3:37:26 PM
7/20/2023, 3:38:43 PM
7/20/2023, 3:40:43 PM
PING RECV: 7/20/2023, 3:40:52 PM
PING RECV: 7/20/2023, 3:42:26 PM
7/20/2023, 3:42:43 PM
7/20/2023, 3:44:43 PM
PING RECV: 7/20/2023, 3:45:52 PM
7/20/2023, 3:46:43 PM
PING RECV: 7/20/2023, 3:47:26 PM
7/20/2023, 3:48:43 PM
7/20/2023, 3:50:43 PM
PING RECV: 7/20/2023, 3:50:52 PM
PING RECV: 7/20/2023, 3:52:26 PM
7/20/2023, 3:52:43 PM
7/20/2023, 3:54:43 PM
PING RECV: 7/20/2023, 3:55:52 PM
7/20/2023, 3:56:43 PM
PING RECV: 7/20/2023, 3:57:26 PM
7/20/2023, 3:58:44 PM
7/20/2023, 4:00:44 PM
PING RECV: 7/20/2023, 4:00:52 PM
PING RECV: 7/20/2023, 4:02:26 PM
7/20/2023, 4:02:44 PM
7/20/2023, 4:04:44 PM
PING RECV: 7/20/2023, 4:05:52 PM
7/20/2023, 4:06:44 PM
PING RECV: 7/20/2023, 4:07:26 PM
7/20/2023, 4:08:44 PM
7/20/2023, 4:10:44 PM
PING RECV: 7/20/2023, 4:10:52 PM
PING RECV: 7/20/2023, 4:12:26 PM
7/20/2023, 4:12:44 PM
7/20/2023, 4:14:44 PM
PING RECV: 7/20/2023, 4:15:52 PM
7/20/2023, 4:16:44 PM
PING RECV: 7/20/2023, 4:17:26 PM
7/20/2023, 4:18:44 PM
7/20/2023, 4:20:44 PM
PING RECV: 7/20/2023, 4:20:52 PM
PING RECV: 7/20/2023, 4:22:26 PM
7/20/2023, 4:22:44 PM
7/20/2023, 4:24:44 PM
PING RECV: 7/20/2023, 4:25:52 PM
7/20/2023, 4:26:44 PM
PING RECV: 7/20/2023, 4:27:26 PM
7/20/2023, 4:28:44 PM
7/20/2023, 4:30:44 PM
PING RECV: 7/20/2023, 4:30:52 PM
PING RECV: 7/20/2023, 4:32:26 PM
7/20/2023, 4:32:44 PM
7/20/2023, 4:34:44 PM
PING RECV: 7/20/2023, 4:35:52 PM
7/20/2023, 4:36:44 PM
PING RECV: 7/20/2023, 4:37:26 PM
7/20/2023, 4:38:44 PM
7/20/2023, 4:40:44 PM
PING RECV: 7/20/2023, 4:40:53 PM
PING RECV: 7/20/2023, 4:42:26 PM
7/20/2023, 4:42:44 PM
7/20/2023, 4:44:44 PM
PING RECV: 7/20/2023, 4:45:52 PM
7/20/2023, 4:46:44 PM
PING RECV: 7/20/2023, 4:47:26 PM
7/20/2023, 4:48:44 PM
7/20/2023, 4:50:44 PM
PING RECV: 7/20/2023, 4:50:52 PM
PING RECV: 7/20/2023, 4:52:26 PM
7/20/2023, 4:52:44 PM
7/20/2023, 4:54:44 PM
PING RECV: 7/20/2023, 4:55:52 PM
7/20/2023, 4:56:44 PM
PING RECV: 7/20/2023, 4:57:26 PM
7/20/2023, 4:58:44 PM
7/20/2023, 5:00:44 PM
PING RECV: 7/20/2023, 5:00:52 PM
PING RECV: 7/20/2023, 5:02:26 PM
7/20/2023, 5:02:44 PM
7/20/2023, 5:04:44 PM
PING RECV: 7/20/2023, 5:06:00 PM
PING RECV: 7/20/2023, 5:07:26 PM
7/20/2023, 5:07:59 PM
7/20/2023, 5:09:59 PM
PING RECV: 7/20/2023, 5:10:52 PM
7/20/2023, 5:11:59 PM
PING RECV: 7/20/2023, 5:12:26 PM
PING RECV: 7/20/2023, 5:23:33 PM
7/20/2023, 5:25:33 PM
PING RECV: 7/20/2023, 5:27:12 PM
7/20/2023, 5:27:33 PM
PING RECV: 7/20/2023, 5:28:16 PM
7/20/2023, 5:29:33 PM
7/20/2023, 5:31:33 PM
PING RECV: 7/20/2023, 5:32:12 PM
PING RECV: 7/20/2023, 5:33:16 PM
7/20/2023, 5:33:33 PM
7/20/2023, 5:35:33 PM
PING RECV: 7/20/2023, 5:37:55 PM
PING RECV: 7/20/2023, 5:38:16 PM
7/20/2023, 5:39:55 PM
7/20/2023, 5:41:55 PM
PING RECV: 7/20/2023, 5:42:12 PM
PING RECV: 7/20/2023, 5:43:16 PM
7/20/2023, 5:43:55 PM
PING RECV: 7/20/2023, 5:47:15 PM
PING RECV: 7/20/2023, 5:48:16 PM
7/20/2023, 5:49:14 PM
7/20/2023, 5:51:14 PM
PING RECV: 7/20/2023, 5:52:12 PM
7/20/2023, 5:53:14 PM
PING RECV: 7/20/2023, 5:53:16 PM
7/20/2023, 5:55:14 PM
PING RECV: 7/20/2023, 5:57:12 PM
7/20/2023, 5:57:14 PM
PING RECV: 7/20/2023, 5:58:16 PM
7/20/2023, 5:59:14 PM
7/20/2023, 6:01:14 PM
PING RECV: 7/20/2023, 6:02:12 PM
7/20/2023, 6:03:14 PM
PING RECV: 7/20/2023, 6:03:16 PM
7/20/2023, 6:05:14 PM
PING RECV: 7/20/2023, 6:07:12 PM
7/20/2023, 6:07:14 PM
PING RECV: 7/20/2023, 6:08:16 PM
7/20/2023, 6:09:14 PM
7/20/2023, 6:11:14 PM
PING RECV: 7/20/2023, 6:12:12 PM
7/20/2023, 6:13:14 PM
PING RECV: 7/20/2023, 6:13:16 PM
7/20/2023, 6:15:14 PM
PING RECV: 7/20/2023, 6:17:12 PM
7/20/2023, 6:17:14 PM
PING RECV: 7/20/2023, 6:18:16 PM
7/20/2023, 6:19:14 PM
7/20/2023, 6:21:14 PM
PING RECV: 7/20/2023, 6:22:12 PM
7/20/2023, 6:23:14 PM
PING RECV: 7/20/2023, 6:23:16 PM
7/20/2023, 6:25:14 PM
PING RECV: 7/20/2023, 6:27:12 PM
7/20/2023, 6:27:14 PM
PING RECV: 7/20/2023, 6:28:16 PM
7/20/2023, 6:29:14 PM
7/20/2023, 6:31:14 PM
PING RECV: 7/20/2023, 6:32:12 PM
7/20/2023, 6:33:14 PM
PING RECV: 7/20/2023, 6:33:16 PM
7/20/2023, 6:35:14 PM
PING RECV: 7/20/2023, 6:37:12 PM
7/20/2023, 6:37:14 PM
PING RECV: 7/20/2023, 6:38:16 PM
7/20/2023, 6:39:14 PM
7/20/2023, 6:41:14 PM
PING RECV: 7/20/2023, 6:42:12 PM
7/20/2023, 6:43:14 PM
PING RECV: 7/20/2023, 6:43:16 PM
7/20/2023, 6:45:14 PM
PING RECV: 7/20/2023, 6:48:16 PM
7/20/2023, 6:49:58 PM
PING RECV: 7/20/2023, 6:53:21 PM
7/20/2023, 6:55:20 PM
PING RECV: 7/20/2023, 6:57:12 PM
7/20/2023, 6:57:20 PM
PING RECV: 7/20/2023, 6:58:16 PM
7/20/2023, 6:59:20 PM
7/20/2023, 7:01:20 PM
PING RECV: 7/20/2023, 7:02:12 PM
PING RECV: 7/20/2023, 7:03:16 PM
7/20/2023, 7:03:20 PM
7/20/2023, 7:05:20 PM
PING RECV: 7/20/2023, 7:07:12 PM
7/20/2023, 7:07:20 PM
PING RECV: 7/20/2023, 7:08:16 PM
7/20/2023, 7:09:20 PM
7/20/2023, 7:11:21 PM
PING RECV: 7/20/2023, 7:12:12 PM
PING RECV: 7/20/2023, 7:13:16 PM
7/20/2023, 7:13:21 PM
7/20/2023, 7:15:21 PM
PING RECV: 7/20/2023, 7:17:12 PM
7/20/2023, 7:17:21 PM
PING RECV: 7/20/2023, 7:18:16 PM
7/20/2023, 7:19:21 PM
7/20/2023, 7:21:21 PM
PING RECV: 7/20/2023, 7:22:12 PM
PING RECV: 7/20/2023, 7:23:16 PM
7/20/2023, 7:23:21 PM
7/20/2023, 7:25:21 PM
PING RECV: 7/20/2023, 7:27:12 PM
7/20/2023, 7:27:21 PM
PING RECV: 7/20/2023, 7:28:16 PM
7/20/2023, 7:29:21 PM
7/20/2023, 7:31:21 PM
PING RECV: 7/20/2023, 7:32:12 PM
PING RECV: 7/20/2023, 7:33:16 PM
7/20/2023, 7:33:21 PM
7/20/2023, 7:35:21 PM
PING RECV: 7/20/2023, 7:37:12 PM
7/20/2023, 7:37:21 PM
PING RECV: 7/20/2023, 7:38:16 PM
7/20/2023, 7:39:21 PM
7/20/2023, 7:41:21 PM
PING RECV: 7/20/2023, 7:42:12 PM
PING RECV: 7/20/2023, 7:43:16 PM
7/20/2023, 7:43:21 PM
7/20/2023, 7:45:21 PM
PING RECV: 7/20/2023, 7:47:12 PM
7/20/2023, 7:47:21 PM
PING RECV: 7/20/2023, 7:48:16 PM
7/20/2023, 7:49:21 PM
7/20/2023, 7:51:21 PM
PING RECV: 7/20/2023, 7:52:12 PM
PING RECV: 7/20/2023, 7:53:16 PM
7/20/2023, 7:53:21 PM
7/20/2023, 7:55:21 PM
PING RECV: 7/20/2023, 7:57:12 PM
7/20/2023, 7:57:21 PM
PING RECV: 7/20/2023, 7:58:16 PM
7/20/2023, 7:59:21 PM
7/20/2023, 8:01:21 PM
PING RECV: 7/20/2023, 8:02:12 PM
PING RECV: 7/20/2023, 8:03:16 PM
7/20/2023, 8:03:21 PM
7/20/2023, 8:05:21 PM
PING RECV: 7/20/2023, 8:07:12 PM
7/20/2023, 8:07:21 PM
PING RECV: 7/20/2023, 8:08:16 PM
7/20/2023, 8:09:21 PM
7/20/2023, 8:11:21 PM
PING RECV: 7/20/2023, 8:12:12 PM
PING RECV: 7/20/2023, 8:13:16 PM
7/20/2023, 8:13:21 PM
7/20/2023, 8:15:21 PM
PING RECV: 7/20/2023, 8:17:12 PM
7/20/2023, 8:17:21 PM
PING RECV: 7/20/2023, 8:18:16 PM
7/20/2023, 8:19:21 PM
7/20/2023, 8:21:21 PM
PING RECV: 7/20/2023, 8:22:12 PM
PING RECV: 7/20/2023, 8:23:16 PM
7/20/2023, 8:23:21 PM
7/20/2023, 8:25:21 PM
PING RECV: 7/20/2023, 8:27:12 PM
7/20/2023, 8:27:21 PM
PING RECV: 7/20/2023, 8:28:16 PM
7/20/2023, 8:29:21 PM
7/20/2023, 8:31:21 PM
PING RECV: 7/20/2023, 8:32:12 PM
PING RECV: 7/20/2023, 8:33:16 PM
7/20/2023, 8:33:21 PM
7/20/2023, 8:35:21 PM
PING RECV: 7/20/2023, 8:37:12 PM
7/20/2023, 8:37:21 PM
PING RECV: 7/20/2023, 8:38:16 PM
7/20/2023, 8:39:21 PM
7/20/2023, 8:41:21 PM
PING RECV: 7/20/2023, 8:42:12 PM
PING RECV: 7/20/2023, 8:43:16 PM
7/20/2023, 8:43:21 PM
7/20/2023, 8:45:21 PM
PING RECV: 7/20/2023, 8:47:12 PM
7/20/2023, 8:47:21 PM
PING RECV: 7/20/2023, 8:48:16 PM
7/20/2023, 8:49:21 PM
7/20/2023, 8:51:21 PM
PING RECV: 7/20/2023, 8:52:12 PM
PING RECV: 7/20/2023, 8:53:16 PM
7/20/2023, 8:53:21 PM
7/20/2023, 8:55:21 PM
PING RECV: 7/20/2023, 8:57:12 PM
7/20/2023, 8:57:21 PM
PING RECV: 7/20/2023, 8:58:16 PM
7/20/2023, 8:59:21 PM
7/20/2023, 9:01:22 PM
PING RECV: 7/20/2023, 9:02:12 PM
PING RECV: 7/20/2023, 9:03:16 PM
7/20/2023, 9:03:22 PM
7/20/2023, 9:05:22 PM
PING RECV: 7/20/2023, 9:07:12 PM
7/20/2023, 9:07:22 PM
PING RECV: 7/20/2023, 9:08:16 PM
7/20/2023, 9:09:22 PM
7/20/2023, 9:11:22 PM
PING RECV: 7/20/2023, 9:12:12 PM
PING RECV: 7/20/2023, 9:13:16 PM
7/20/2023, 9:13:22 PM
7/20/2023, 9:15:22 PM
PING RECV: 7/20/2023, 9:17:13 PM
7/20/2023, 9:17:22 PM
PING RECV: 7/20/2023, 9:18:16 PM
7/20/2023, 9:19:22 PM
7/20/2023, 9:21:22 PM
PING RECV: 7/20/2023, 9:22:12 PM
PING RECV: 7/20/2023, 9:23:16 PM
7/20/2023, 9:23:22 PM
7/20/2023, 9:25:22 PM
PING RECV: 7/20/2023, 9:27:12 PM
7/20/2023, 9:27:22 PM
PING RECV: 7/20/2023, 9:28:16 PM
7/20/2023, 9:29:22 PM
7/20/2023, 9:31:22 PM
PING RECV: 7/20/2023, 9:32:12 PM
PING RECV: 7/20/2023, 9:33:16 PM
7/20/2023, 9:33:22 PM
7/20/2023, 9:35:22 PM
PING RECV: 7/20/2023, 9:37:12 PM
7/20/2023, 9:37:22 PM
PING RECV: 7/20/2023, 9:38:16 PM
7/20/2023, 9:39:22 PM
7/20/2023, 9:41:22 PM
PING RECV: 7/20/2023, 9:42:12 PM
PING RECV: 7/20/2023, 9:43:16 PM
7/20/2023, 9:43:22 PM
7/20/2023, 9:45:22 PM
PING RECV: 7/20/2023, 9:47:12 PM
7/20/2023, 9:47:22 PM
PING RECV: 7/20/2023, 9:48:16 PM
7/20/2023, 9:49:22 PM
7/20/2023, 9:51:22 PM
PING RECV: 7/20/2023, 9:52:12 PM
PING RECV: 7/20/2023, 9:53:16 PM
7/20/2023, 9:53:22 PM
7/20/2023, 9:55:22 PM
PING RECV: 7/20/2023, 9:57:12 PM
7/20/2023, 9:57:22 PM
PING RECV: 7/20/2023, 9:58:16 PM
7/20/2023, 9:59:22 PM
7/20/2023, 10:01:22 PM
PING RECV: 7/20/2023, 10:02:12 PM
PING RECV: 7/20/2023, 10:03:16 PM
7/20/2023, 10:03:22 PM
7/20/2023, 10:05:22 PM
PING RECV: 7/20/2023, 10:07:12 PM
7/20/2023, 10:07:22 PM
PING RECV: 7/20/2023, 10:08:16 PM
7/20/2023, 10:09:22 PM
7/20/2023, 10:11:22 PM
PING RECV: 7/20/2023, 10:12:12 PM
PING RECV: 7/20/2023, 10:13:16 PM
7/20/2023, 10:13:22 PM
7/20/2023, 10:15:22 PM
PING RECV: 7/20/2023, 10:17:12 PM
7/20/2023, 10:17:22 PM
PING RECV: 7/20/2023, 10:18:16 PM
7/20/2023, 10:19:22 PM
7/20/2023, 10:21:22 PM
PING RECV: 7/20/2023, 10:22:12 PM
PING RECV: 7/20/2023, 10:23:16 PM
7/20/2023, 10:23:22 PM
7/20/2023, 10:25:22 PM
PING RECV: 7/20/2023, 10:27:12 PM
7/20/2023, 10:27:22 PM
PING RECV: 7/20/2023, 10:28:16 PM
7/20/2023, 10:29:22 PM
7/20/2023, 10:31:22 PM
PING RECV: 7/20/2023, 10:32:12 PM
PING RECV: 7/20/2023, 10:33:16 PM
7/20/2023, 10:33:22 PM
7/20/2023, 10:35:22 PM
PING RECV: 7/20/2023, 10:37:12 PM
7/20/2023, 10:37:22 PM
PING RECV: 7/20/2023, 10:38:16 PM
7/20/2023, 10:39:22 PM
7/20/2023, 10:41:22 PM
PING RECV: 7/20/2023, 10:42:12 PM
PING RECV: 7/20/2023, 10:43:16 PM
7/20/2023, 10:43:22 PM
7/20/2023, 10:45:22 PM
PING RECV: 7/20/2023, 10:47:12 PM
7/20/2023, 10:47:22 PM
PING RECV: 7/20/2023, 10:48:16 PM
7/20/2023, 10:49:22 PM
7/20/2023, 10:51:22 PM
PING RECV: 7/20/2023, 10:52:12 PM
PING RECV: 7/20/2023, 10:53:16 PM
7/20/2023, 10:53:22 PM
7/20/2023, 10:55:22 PM
PING RECV: 7/20/2023, 10:57:12 PM
7/20/2023, 10:57:23 PM
PING RECV: 7/20/2023, 10:58:16 PM
7/20/2023, 10:59:23 PM
7/20/2023, 11:01:23 PM
PING RECV: 7/20/2023, 11:02:12 PM
PING RECV: 7/20/2023, 11:03:16 PM
7/20/2023, 11:03:23 PM
7/20/2023, 11:05:23 PM
PING RECV: 7/20/2023, 11:07:12 PM
7/20/2023, 11:07:23 PM
PING RECV: 7/20/2023, 11:08:16 PM
7/20/2023, 11:09:23 PM
7/20/2023, 11:11:23 PM
PING RECV: 7/20/2023, 11:12:12 PM
PING RECV: 7/20/2023, 11:13:16 PM
7/20/2023, 11:13:23 PM
7/20/2023, 11:15:23 PM
PING RECV: 7/20/2023, 11:17:12 PM
7/20/2023, 11:17:23 PM
PING RECV: 7/20/2023, 11:18:16 PM
7/20/2023, 11:19:23 PM
7/20/2023, 11:21:23 PM
PING RECV: 7/20/2023, 11:22:13 PM
PING RECV: 7/20/2023, 11:23:16 PM
7/20/2023, 11:23:23 PM
7/20/2023, 11:25:23 PM
PING RECV: 7/20/2023, 11:27:12 PM
7/20/2023, 11:27:23 PM
PING RECV: 7/20/2023, 11:28:16 PM
7/20/2023, 11:29:23 PM
7/20/2023, 11:31:23 PM
PING RECV: 7/20/2023, 11:32:12 PM
PING RECV: 7/20/2023, 11:33:16 PM
7/20/2023, 11:33:23 PM
7/20/2023, 11:35:23 PM
PING RECV: 7/20/2023, 11:37:12 PM
7/20/2023, 11:37:23 PM
PING RECV: 7/20/2023, 11:38:16 PM
7/20/2023, 11:39:23 PM
7/20/2023, 11:41:23 PM
PING RECV: 7/20/2023, 11:42:12 PM
PING RECV: 7/20/2023, 11:43:16 PM
7/20/2023, 11:43:23 PM
7/20/2023, 11:45:23 PM
PING RECV: 7/20/2023, 11:47:12 PM
7/20/2023, 11:47:23 PM
PING RECV: 7/20/2023, 11:48:16 PM
7/20/2023, 11:49:23 PM
7/20/2023, 11:51:23 PM
PING RECV: 7/20/2023, 11:52:12 PM
PING RECV: 7/20/2023, 11:53:16 PM
7/20/2023, 11:55:00 PM
7/20/2023, 11:57:00 PM
PING RECV: 7/20/2023, 11:57:12 PM
PING RECV: 7/20/2023, 11:58:16 PM
7/20/2023, 11:59:00 PM
7/21/2023, 12:01:00 AM
PING RECV: 7/21/2023, 12:02:12 AM
7/21/2023, 12:03:00 AM
PING RECV: 7/21/2023, 12:03:16 AM
7/21/2023, 12:05:00 AM
7/21/2023, 12:07:00 AM
PING RECV: 7/21/2023, 12:07:12 AM
PING RECV: 7/21/2023, 12:08:16 AM
7/21/2023, 12:09:00 AM
7/21/2023, 12:11:00 AM
PING RECV: 7/21/2023, 12:12:12 AM
7/21/2023, 12:13:00 AM
PING RECV: 7/21/2023, 12:13:16 AM
7/21/2023, 12:15:00 AM
7/21/2023, 12:17:00 AM
PING RECV: 7/21/2023, 12:17:12 AM
PING RECV: 7/21/2023, 12:18:16 AM
7/21/2023, 12:19:00 AM
7/21/2023, 12:21:00 AM
PING RECV: 7/21/2023, 12:22:12 AM
7/21/2023, 12:23:00 AM
PING RECV: 7/21/2023, 12:23:16 AM
7/21/2023, 12:25:00 AM
7/21/2023, 12:27:00 AM
PING RECV: 7/21/2023, 12:27:12 AM
PING RECV: 7/21/2023, 12:28:16 AM
7/21/2023, 12:29:00 AM
7/21/2023, 12:31:00 AM
PING RECV: 7/21/2023, 12:32:12 AM
7/21/2023, 12:33:00 AM
PING RECV: 7/21/2023, 12:33:16 AM
7/21/2023, 12:35:00 AM
7/21/2023, 12:37:00 AM
PING RECV: 7/21/2023, 12:37:12 AM
PING RECV: 7/21/2023, 12:38:16 AM
7/21/2023, 12:39:00 AM
7/21/2023, 12:41:00 AM
PING RECV: 7/21/2023, 12:42:12 AM
7/21/2023, 12:43:00 AM
PING RECV: 7/21/2023, 12:43:16 AM
7/21/2023, 12:45:00 AM
7/21/2023, 12:47:00 AM
PING RECV: 7/21/2023, 12:47:12 AM
PING RECV: 7/21/2023, 12:48:16 AM
7/21/2023, 12:49:00 AM
7/21/2023, 12:51:00 AM
PING RECV: 7/21/2023, 12:52:12 AM
7/21/2023, 12:53:00 AM
PING RECV: 7/21/2023, 12:53:16 AM
7/21/2023, 12:55:00 AM
7/21/2023, 12:57:00 AM
PING RECV: 7/21/2023, 12:57:12 AM
PING RECV: 7/21/2023, 12:58:16 AM
7/21/2023, 12:59:01 AM
7/21/2023, 1:01:01 AM
PING RECV: 7/21/2023, 1:02:12 AM
7/21/2023, 1:03:01 AM
PING RECV: 7/21/2023, 1:03:16 AM
7/21/2023, 1:05:01 AM
7/21/2023, 1:07:01 AM
PING RECV: 7/21/2023, 1:07:12 AM
PING RECV: 7/21/2023, 1:08:16 AM
7/21/2023, 1:09:01 AM
7/21/2023, 1:11:01 AM
PING RECV: 7/21/2023, 1:12:12 AM
7/21/2023, 1:13:01 AM
PING RECV: 7/21/2023, 1:13:16 AM
7/21/2023, 1:15:01 AM
7/21/2023, 1:17:01 AM
PING RECV: 7/21/2023, 1:17:12 AM
PING RECV: 7/21/2023, 1:18:16 AM
7/21/2023, 1:19:01 AM
7/21/2023, 1:21:01 AM
PING RECV: 7/21/2023, 1:22:12 AM
7/21/2023, 1:23:01 AM
PING RECV: 7/21/2023, 1:23:16 AM
7/21/2023, 1:25:01 AM
7/21/2023, 1:27:01 AM
PING RECV: 7/21/2023, 1:27:12 AM
PING RECV: 7/21/2023, 1:28:16 AM
7/21/2023, 1:29:01 AM
7/21/2023, 1:31:01 AM
PING RECV: 7/21/2023, 1:32:12 AM
7/21/2023, 1:33:01 AM
PING RECV: 7/21/2023, 1:34:05 AM
7/21/2023, 1:35:01 AM
7/21/2023, 1:37:01 AM
PING RECV: 7/21/2023, 1:37:12 AM
PING RECV: 7/21/2023, 1:38:16 AM
7/21/2023, 1:39:01 AM
7/21/2023, 1:41:01 AM
PING RECV: 7/21/2023, 1:42:12 AM
7/21/2023, 1:43:01 AM
PING RECV: 7/21/2023, 1:43:16 AM
7/21/2023, 1:45:01 AM
7/21/2023, 1:47:01 AM
PING RECV: 7/21/2023, 1:47:12 AM
PING RECV: 7/21/2023, 1:48:16 AM
7/21/2023, 1:49:01 AM
7/21/2023, 1:51:01 AM
PING RECV: 7/21/2023, 1:52:12 AM
7/21/2023, 1:53:01 AM
PING RECV: 7/21/2023, 1:53:16 AM
7/21/2023, 1:55:01 AM
7/21/2023, 1:57:01 AM
PING RECV: 7/21/2023, 1:57:12 AM
PING RECV: 7/21/2023, 1:58:16 AM
7/21/2023, 1:59:01 AM
7/21/2023, 2:01:01 AM
PING RECV: 7/21/2023, 2:02:12 AM
7/21/2023, 2:03:01 AM
PING RECV: 7/21/2023, 2:03:16 AM
7/21/2023, 2:05:01 AM
7/21/2023, 2:07:01 AM
PING RECV: 7/21/2023, 2:07:12 AM
PING RECV: 7/21/2023, 2:08:16 AM
7/21/2023, 2:09:01 AM
7/21/2023, 2:11:01 AM
PING RECV: 7/21/2023, 2:12:12 AM
7/21/2023, 2:13:02 AM
PING RECV: 7/21/2023, 2:13:16 AM
7/21/2023, 2:15:02 AM
7/21/2023, 2:17:02 AM
PING RECV: 7/21/2023, 2:17:12 AM
PING RECV: 7/21/2023, 2:18:16 AM
7/21/2023, 2:19:02 AM
7/21/2023, 2:21:02 AM
PING RECV: 7/21/2023, 2:22:12 AM
7/21/2023, 2:23:02 AM
PING RECV: 7/21/2023, 2:23:17 AM
7/21/2023, 2:25:02 AM
7/21/2023, 2:27:02 AM
PING RECV: 7/21/2023, 2:27:12 AM
PING RECV: 7/21/2023, 2:28:16 AM
7/21/2023, 2:29:02 AM
7/21/2023, 2:31:02 AM
PING RECV: 7/21/2023, 2:32:12 AM
7/21/2023, 2:33:02 AM
PING RECV: 7/21/2023, 2:33:16 AM
7/21/2023, 2:35:02 AM
7/21/2023, 2:37:02 AM
PING RECV: 7/21/2023, 2:37:12 AM
PING RECV: 7/21/2023, 2:38:16 AM
7/21/2023, 2:39:02 AM
7/21/2023, 2:41:02 AM
PING RECV: 7/21/2023, 2:42:12 AM
7/21/2023, 2:43:02 AM
PING RECV: 7/21/2023, 2:43:16 AM
7/21/2023, 2:45:02 AM
7/21/2023, 2:47:02 AM
PING RECV: 7/21/2023, 2:47:12 AM
PING RECV: 7/21/2023, 2:48:16 AM
7/21/2023, 2:49:02 AM
7/21/2023, 2:51:02 AM
PING RECV: 7/21/2023, 2:52:12 AM
7/21/2023, 2:53:02 AM
PING RECV: 7/21/2023, 2:53:16 AM
7/21/2023, 2:55:02 AM
7/21/2023, 2:57:02 AM
PING RECV: 7/21/2023, 2:57:12 AM
PING RECV: 7/21/2023, 2:58:16 AM
7/21/2023, 2:59:02 AM
7/21/2023, 3:01:02 AM
PING RECV: 7/21/2023, 3:02:12 AM
7/21/2023, 3:03:02 AM
PING RECV: 7/21/2023, 3:03:16 AM
7/21/2023, 3:05:02 AM
7/21/2023, 3:07:02 AM
PING RECV: 7/21/2023, 3:07:12 AM
PING RECV: 7/21/2023, 3:08:16 AM
7/21/2023, 3:09:02 AM
7/21/2023, 3:11:02 AM
PING RECV: 7/21/2023, 3:12:12 AM
7/21/2023, 3:13:02 AM
PING RECV: 7/21/2023, 3:13:16 AM
7/21/2023, 3:15:02 AM
7/21/2023, 3:17:02 AM
PING RECV: 7/21/2023, 3:17:12 AM
PING RECV: 7/21/2023, 3:18:16 AM
7/21/2023, 3:19:02 AM
7/21/2023, 3:21:02 AM
PING RECV: 7/21/2023, 3:22:12 AM
7/21/2023, 3:23:02 AM
PING RECV: 7/21/2023, 3:23:16 AM
7/21/2023, 3:25:03 AM
7/21/2023, 3:27:03 AM
PING RECV: 7/21/2023, 3:27:12 AM
PING RECV: 7/21/2023, 3:28:16 AM
7/21/2023, 3:29:03 AM
7/21/2023, 3:31:03 AM
PING RECV: 7/21/2023, 3:32:12 AM
7/21/2023, 3:33:03 AM
PING RECV: 7/21/2023, 3:33:16 AM
7/21/2023, 3:35:03 AM
PING RECV: 7/21/2023, 3:35:53 AM
PING RECV: 7/21/2023, 3:35:55 AM
PING RECV: 7/21/2023, 3:35:57 AM
PING RECV: 7/21/2023, 3:35:59 AM
PING RECV: 7/21/2023, 3:36:00 AM
7/21/2023, 3:37:03 AM
PING RECV: 7/21/2023, 3:37:12 AM
PING RECV: 7/21/2023, 3:38:16 AM
7/21/2023, 3:39:03 AM
7/21/2023, 3:41:03 AM
PING RECV: 7/21/2023, 3:42:12 AM
7/21/2023, 3:43:03 AM
PING RECV: 7/21/2023, 3:43:16 AM
7/21/2023, 3:45:03 AM
7/21/2023, 3:47:03 AM
PING RECV: 7/21/2023, 3:47:12 AM
PING RECV: 7/21/2023, 3:48:16 AM
7/21/2023, 3:49:03 AM
7/21/2023, 3:51:03 AM
PING RECV: 7/21/2023, 3:52:12 AM
7/21/2023, 3:53:03 AM
PING RECV: 7/21/2023, 3:53:16 AM
7/21/2023, 3:55:03 AM
7/21/2023, 3:57:03 AM
PING RECV: 7/21/2023, 3:57:12 AM
PING RECV: 7/21/2023, 3:58:16 AM
7/21/2023, 3:59:03 AM
7/21/2023, 4:01:03 AM
PING RECV: 7/21/2023, 4:02:12 AM
7/21/2023, 4:03:03 AM
PING RECV: 7/21/2023, 4:03:16 AM
7/21/2023, 4:05:03 AM
7/21/2023, 4:07:03 AM
PING RECV: 7/21/2023, 4:07:12 AM
PING RECV: 7/21/2023, 4:08:16 AM
7/21/2023, 4:09:03 AM
7/21/2023, 4:11:03 AM
PING RECV: 7/21/2023, 4:12:12 AM
7/21/2023, 4:13:03 AM
PING RECV: 7/21/2023, 4:13:16 AM
7/21/2023, 4:15:03 AM
7/21/2023, 4:17:03 AM
PING RECV: 7/21/2023, 4:17:12 AM
PING RECV: 7/21/2023, 4:18:16 AM
7/21/2023, 4:19:03 AM
7/21/2023, 4:21:03 AM
PING RECV: 7/21/2023, 4:22:12 AM
7/21/2023, 4:23:03 AM
PING RECV: 7/21/2023, 4:23:16 AM
7/21/2023, 4:25:03 AM
7/21/2023, 4:27:03 AM
PING RECV: 7/21/2023, 4:27:12 AM
PING RECV: 7/21/2023, 4:28:16 AM
7/21/2023, 4:29:03 AM
7/21/2023, 4:31:03 AM
PING RECV: 7/21/2023, 4:32:12 AM
7/21/2023, 4:33:03 AM
PING RECV: 7/21/2023, 4:33:16 AM
7/21/2023, 4:35:03 AM
7/21/2023, 4:37:04 AM
PING RECV: 7/21/2023, 4:37:12 AM
PING RECV: 7/21/2023, 4:38:16 AM
7/21/2023, 4:39:04 AM
7/21/2023, 4:41:04 AM
PING RECV: 7/21/2023, 4:42:12 AM
7/21/2023, 4:43:04 AM
PING RECV: 7/21/2023, 4:43:16 AM
7/21/2023, 4:45:04 AM
7/21/2023, 4:47:04 AM
PING RECV: 7/21/2023, 4:47:12 AM
PING RECV: 7/21/2023, 4:48:16 AM
7/21/2023, 4:49:04 AM
7/21/2023, 4:51:04 AM
PING RECV: 7/21/2023, 4:52:12 AM
7/21/2023, 4:53:04 AM
PING RECV: 7/21/2023, 4:53:16 AM
7/21/2023, 4:55:04 AM
7/21/2023, 4:57:04 AM
PING RECV: 7/21/2023, 4:57:12 AM
PING RECV: 7/21/2023, 4:58:16 AM
7/21/2023, 4:59:04 AM
7/21/2023, 5:01:04 AM
PING RECV: 7/21/2023, 5:02:12 AM
7/21/2023, 5:03:04 AM
PING RECV: 7/21/2023, 5:03:16 AM
7/21/2023, 5:05:04 AM
7/21/2023, 5:07:04 AM
PING RECV: 7/21/2023, 5:07:12 AM
PING RECV: 7/21/2023, 5:08:16 AM
7/21/2023, 5:09:04 AM
7/21/2023, 5:11:04 AM
PING RECV: 7/21/2023, 5:12:12 AM
7/21/2023, 5:13:04 AM
PING RECV: 7/21/2023, 5:13:16 AM
7/21/2023, 5:15:04 AM
7/21/2023, 5:17:04 AM
PING RECV: 7/21/2023, 5:17:12 AM
PING RECV: 7/21/2023, 5:18:16 AM
7/21/2023, 5:21:03 AM
PING RECV: 7/21/2023, 5:22:12 AM
7/21/2023, 5:23:03 AM
PING RECV: 7/21/2023, 5:23:16 AM
7/21/2023, 5:25:03 AM
7/21/2023, 5:27:03 AM
PING RECV: 7/21/2023, 5:27:12 AM
PING RECV: 7/21/2023, 5:28:16 AM
7/21/2023, 5:29:03 AM
7/21/2023, 5:31:03 AM
PING RECV: 7/21/2023, 5:32:12 AM
7/21/2023, 5:33:03 AM
PING RECV: 7/21/2023, 5:33:16 AM
7/21/2023, 5:35:03 AM
7/21/2023, 5:37:03 AM
PING RECV: 7/21/2023, 5:37:12 AM
PING RECV: 7/21/2023, 5:38:16 AM
7/21/2023, 5:39:03 AM
7/21/2023, 5:41:04 AM
PING RECV: 7/21/2023, 5:42:12 AM
7/21/2023, 5:43:04 AM
PING RECV: 7/21/2023, 5:43:16 AM
7/21/2023, 5:45:04 AM
7/21/2023, 5:47:04 AM
PING RECV: 7/21/2023, 5:47:12 AM
PING RECV: 7/21/2023, 5:48:17 AM
7/21/2023, 5:49:04 AM
7/21/2023, 5:51:04 AM
PING RECV: 7/21/2023, 5:52:12 AM
7/21/2023, 5:53:04 AM
PING RECV: 7/21/2023, 5:53:16 AM
7/21/2023, 5:55:04 AM
7/21/2023, 5:57:04 AM
PING RECV: 7/21/2023, 5:57:12 AM
PING RECV: 7/21/2023, 5:58:16 AM
PING RECV: 7/21/2023, 6:02:12 AM
7/21/2023, 6:02:16 AM
PING RECV: 7/21/2023, 6:03:16 AM
7/21/2023, 6:05:21 AM
PING RECV: 7/21/2023, 6:07:12 AM
7/21/2023, 6:07:21 AM
PING RECV: 7/21/2023, 6:08:16 AM
7/21/2023, 6:09:21 AM
7/21/2023, 6:11:21 AM
PING RECV: 7/21/2023, 6:12:12 AM
PING RECV: 7/21/2023, 6:13:16 AM
7/21/2023, 6:13:21 AM
7/21/2023, 6:17:11 AM
PING RECV: 7/21/2023, 6:17:12 AM
PING RECV: 7/21/2023, 6:18:16 AM
PING RECV: 7/21/2023, 6:22:12 AM
7/21/2023, 6:23:06 AM
PING RECV: 7/21/2023, 6:23:16 AM
7/21/2023, 6:26:16 AM
PING RECV: 7/21/2023, 6:27:12 AM
7/21/2023, 6:28:16 AM
PING RECV: 7/21/2023, 6:28:16 AM
PING RECV: 7/21/2023, 6:32:12 AM
PING RECV: 7/21/2023, 6:33:16 AM
7/21/2023, 6:33:35 AM
7/21/2023, 6:35:35 AM
PING RECV: 7/21/2023, 6:37:12 AM
7/21/2023, 6:37:35 AM
PING RECV: 7/21/2023, 6:38:16 AM
7/21/2023, 6:39:35 AM
7/21/2023, 6:41:35 AM
PING RECV: 7/21/2023, 6:42:12 AM
PING RECV: 7/21/2023, 6:43:16 AM
7/21/2023, 6:43:35 AM
7/21/2023, 6:45:35 AM
PING RECV: 7/21/2023, 6:47:12 AM
7/21/2023, 6:47:35 AM
PING RECV: 7/21/2023, 6:48:16 AM
7/21/2023, 6:50:07 AM
7/21/2023, 6:52:07 AM
PING RECV: 7/21/2023, 6:52:12 AM
PING RECV: 7/21/2023, 6:53:16 AM
7/21/2023, 6:54:07 AM
7/21/2023, 6:56:07 AM
PING RECV: 7/21/2023, 6:57:12 AM
7/21/2023, 6:58:07 AM
PING RECV: 7/21/2023, 6:58:16 AM
7/21/2023, 7:00:07 AM
7/21/2023, 7:02:07 AM
PING RECV: 7/21/2023, 7:02:12 AM
PING RECV: 7/21/2023, 7:03:16 AM
7/21/2023, 7:04:07 AM
7/21/2023, 7:06:07 AM
PING RECV: 7/21/2023, 7:07:12 AM
7/21/2023, 7:08:07 AM
PING RECV: 7/21/2023, 7:08:16 AM
7/21/2023, 7:10:07 AM
7/21/2023, 7:12:08 AM
PING RECV: 7/21/2023, 7:12:12 AM
PING RECV: 7/21/2023, 7:13:16 AM
7/21/2023, 7:14:08 AM
7/21/2023, 7:16:08 AM
PING RECV: 7/21/2023, 7:17:12 AM
7/21/2023, 7:18:08 AM
PING RECV: 7/21/2023, 7:18:16 AM
7/21/2023, 7:20:08 AM
7/21/2023, 7:22:08 AM
PING RECV: 7/21/2023, 7:22:12 AM
PING RECV: 7/21/2023, 7:23:16 AM
7/21/2023, 7:24:08 AM
7/21/2023, 7:26:08 AM
PING RECV: 7/21/2023, 7:27:12 AM
7/21/2023, 7:28:08 AM
PING RECV: 7/21/2023, 7:28:16 AM
7/21/2023, 7:30:08 AM
7/21/2023, 7:32:08 AM
PING RECV: 7/21/2023, 7:32:12 AM
PING RECV: 7/21/2023, 7:33:16 AM
7/21/2023, 7:34:08 AM
7/21/2023, 7:36:08 AM
PING RECV: 7/21/2023, 7:37:12 AM
7/21/2023, 7:38:08 AM
PING RECV: 7/21/2023, 7:38:16 AM
7/21/2023, 7:40:08 AM
7/21/2023, 7:42:08 AM
PING RECV: 7/21/2023, 7:42:12 AM
PING RECV: 7/21/2023, 7:43:16 AM
7/21/2023, 7:44:08 AM
7/21/2023, 7:46:08 AM
PING RECV: 7/21/2023, 7:47:12 AM
7/21/2023, 7:48:08 AM
PING RECV: 7/21/2023, 7:48:16 AM
7/21/2023, 7:50:08 AM
7/21/2023, 7:52:08 AM
PING RECV: 7/21/2023, 7:52:12 AM
PING RECV: 7/21/2023, 7:53:16 AM
7/21/2023, 7:54:08 AM
7/21/2023, 7:56:08 AM
PING RECV: 7/21/2023, 7:57:12 AM
7/21/2023, 7:58:08 AM
PING RECV: 7/21/2023, 7:58:16 AM
7/21/2023, 8:00:08 AM
7/21/2023, 8:02:08 AM
PING RECV: 7/21/2023, 8:02:12 AM
PING RECV: 7/21/2023, 8:03:16 AM
7/21/2023, 8:04:08 AM
7/21/2023, 8:06:08 AM
PING RECV: 7/21/2023, 8:07:12 AM
7/21/2023, 8:08:08 AM
PING RECV: 7/21/2023, 8:08:16 AM
7/21/2023, 8:10:08 AM
7/21/2023, 8:12:08 AM
PING RECV: 7/21/2023, 8:13:16 AM
PING RECV: 7/21/2023, 8:13:56 AM
7/21/2023, 8:14:08 AM
7/21/2023, 8:16:08 AM
7/21/2023, 8:18:08 AM
PING RECV: 7/21/2023, 8:18:16 AM
PING RECV: 7/21/2023, 8:18:56 AM
7/21/2023, 8:20:08 AM
7/21/2023, 8:22:08 AM
PING RECV: 7/21/2023, 8:23:16 AM
PING RECV: 7/21/2023, 8:23:56 AM
7/21/2023, 8:24:08 AM
7/21/2023, 8:26:08 AM
7/21/2023, 8:28:08 AM
PING RECV: 7/21/2023, 8:28:16 AM
PING RECV: 7/21/2023, 8:28:56 AM
7/21/2023, 8:30:09 AM
7/21/2023, 8:32:09 AM
PING RECV: 7/21/2023, 8:33:16 AM
PING RECV: 7/21/2023, 8:33:56 AM
7/21/2023, 8:34:09 AM
7/21/2023, 8:36:09 AM
7/21/2023, 8:38:09 AM
PING RECV: 7/21/2023, 8:38:16 AM
PING RECV: 7/21/2023, 8:38:56 AM
7/21/2023, 8:40:09 AM
7/21/2023, 8:42:09 AM
PING RECV: 7/21/2023, 8:43:16 AM
PING RECV: 7/21/2023, 8:43:56 AM
7/21/2023, 8:44:09 AM
7/21/2023, 8:46:09 AM
7/21/2023, 8:48:09 AM
PING RECV: 7/21/2023, 8:48:16 AM
PING RECV: 7/21/2023, 8:48:56 AM
7/21/2023, 8:50:09 AM
7/21/2023, 8:52:09 AM
PING RECV: 7/21/2023, 8:53:16 AM
PING RECV: 7/21/2023, 8:53:56 AM
7/21/2023, 8:54:09 AM
7/21/2023, 8:56:09 AM
7/21/2023, 8:58:09 AM
PING RECV: 7/21/2023, 8:58:16 AM
PING RECV: 7/21/2023, 8:58:56 AM
7/21/2023, 9:00:09 AM
7/21/2023, 9:02:09 AM
PING RECV: 7/21/2023, 9:03:16 AM
PING RECV: 7/21/2023, 9:03:56 AM
7/21/2023, 9:04:09 AM
7/21/2023, 9:06:09 AM
7/21/2023, 9:08:09 AM
PING RECV: 7/21/2023, 9:08:16 AM
PING RECV: 7/21/2023, 9:08:56 AM
7/21/2023, 9:10:09 AM
7/21/2023, 9:12:09 AM
PING RECV: 7/21/2023, 9:13:16 AM
PING RECV: 7/21/2023, 9:13:56 AM
7/21/2023, 9:14:09 AM
7/21/2023, 9:16:09 AM
7/21/2023, 9:18:09 AM
PING RECV: 7/21/2023, 9:18:16 AM
PING RECV: 7/21/2023, 9:18:56 AM
7/21/2023, 9:20:09 AM
7/21/2023, 9:22:09 AM
PING RECV: 7/21/2023, 9:23:16 AM
PING RECV: 7/21/2023, 9:29:05 AM
7/21/2023, 9:31:05 AM
7/21/2023, 9:33:05 AM
PING RECV: 7/21/2023, 9:33:36 AM
PING RECV: 7/21/2023, 9:33:56 AM
7/21/2023, 9:35:05 AM
7/21/2023, 9:37:05 AM
PING RECV: 7/21/2023, 9:38:36 AM
PING RECV: 7/21/2023, 9:38:56 AM
7/21/2023, 9:39:05 AM
7/21/2023, 9:41:05 AM
7/21/2023, 9:43:05 AM
PING RECV: 7/21/2023, 9:43:36 AM
PING RECV: 7/21/2023, 9:43:56 AM
7/21/2023, 9:45:05 AM
7/21/2023, 9:47:05 AM
PING RECV: 7/21/2023, 9:48:36 AM
PING RECV: 7/21/2023, 9:48:56 AM
7/21/2023, 9:49:05 AM
7/21/2023, 9:51:05 AM
7/21/2023, 9:53:05 AM
PING RECV: 7/21/2023, 9:53:36 AM
PING RECV: 7/21/2023, 9:53:56 AM
7/21/2023, 9:55:05 AM
7/21/2023, 9:57:05 AM
PING RECV: 7/21/2023, 9:58:36 AM
PING RECV: 7/21/2023, 9:58:56 AM
7/21/2023, 9:59:05 AM
7/21/2023, 10:01:05 AM
7/21/2023, 10:03:05 AM
PING RECV: 7/21/2023, 10:03:36 AM
PING RECV: 7/21/2023, 10:03:56 AM
7/21/2023, 10:05:05 AM
7/21/2023, 10:07:05 AM
PING RECV: 7/21/2023, 10:08:36 AM
PING RECV: 7/21/2023, 10:08:56 AM
7/21/2023, 10:09:05 AM
7/21/2023, 10:11:05 AM
7/21/2023, 10:13:05 AM
PING RECV: 7/21/2023, 10:13:36 AM
PING RECV: 7/21/2023, 10:13:56 AM
7/21/2023, 10:15:05 AM
7/21/2023, 10:17:05 AM
PING RECV: 7/21/2023, 10:18:36 AM
PING RECV: 7/21/2023, 10:18:56 AM
7/21/2023, 10:19:05 AM
7/21/2023, 10:21:05 AM
7/21/2023, 10:23:05 AM
PING RECV: 7/21/2023, 10:23:36 AM
PING RECV: 7/21/2023, 10:23:56 AM
7/21/2023, 10:25:05 AM
7/21/2023, 10:27:05 AM
PING RECV: 7/21/2023, 10:28:36 AM
PING RECV: 7/21/2023, 10:28:56 AM
7/21/2023, 10:29:05 AM
7/21/2023, 10:31:05 AM
7/21/2023, 10:33:05 AM
PING RECV: 7/21/2023, 10:33:36 AM
PING RECV: 7/21/2023, 10:33:56 AM
7/21/2023, 10:35:05 AM
7/21/2023, 10:37:05 AM
PING RECV: 7/21/2023, 10:38:36 AM
PING RECV: 7/21/2023, 10:38:56 AM
7/21/2023, 10:39:05 AM
7/21/2023, 10:41:05 AM
7/21/2023, 10:43:05 AM
PING RECV: 7/21/2023, 10:43:36 AM
PING RECV: 7/21/2023, 10:43:56 AM
7/21/2023, 10:45:05 AM
7/21/2023, 10:47:05 AM
PING RECV: 7/21/2023, 10:48:36 AM
PING RECV: 7/21/2023, 10:48:56 AM
7/21/2023, 10:49:05 AM
7/21/2023, 10:51:06 AM
PING RECV: 7/21/2023, 10:53:36 AM
7/21/2023, 10:53:39 AM
PING RECV: 7/21/2023, 10:53:56 AM
7/21/2023, 10:55:39 AM
7/21/2023, 10:57:39 AM
PING RECV: 7/21/2023, 10:58:36 AM
PING RECV: 7/21/2023, 10:58:56 AM
7/21/2023, 10:59:39 AM
7/21/2023, 11:01:39 AM
PING RECV: 7/21/2023, 11:03:36 AM
7/21/2023, 11:03:39 AM
PING RECV: 7/21/2023, 11:03:56 AM
7/21/2023, 11:05:39 AM
7/21/2023, 11:07:39 AM
PING RECV: 7/21/2023, 11:08:36 AM
PING RECV: 7/21/2023, 11:08:56 AM
7/21/2023, 11:09:39 AM
7/21/2023, 11:11:39 AM
PING RECV: 7/21/2023, 11:13:36 AM
7/21/2023, 11:13:39 AM
PING RECV: 7/21/2023, 11:13:56 AM
7/21/2023, 11:15:39 AM
PING RECV: 7/21/2023, 11:18:36 AM
PING RECV: 7/21/2023, 11:18:56 AM
7/21/2023, 11:20:36 AM
7/21/2023, 11:22:36 AM
PING RECV: 7/21/2023, 11:23:36 AM
PING RECV: 7/21/2023, 11:23:56 AM
7/21/2023, 11:24:36 AM
7/21/2023, 11:26:36 AM
PING RECV: 7/21/2023, 11:28:36 AM
7/21/2023, 11:28:36 AM
PING RECV: 7/21/2023, 11:28:56 AM
7/21/2023, 11:30:36 AM
7/21/2023, 11:32:36 AM
PING RECV: 7/21/2023, 11:33:36 AM
PING RECV: 7/21/2023, 11:33:56 AM
7/21/2023, 11:34:36 AM
7/21/2023, 11:36:36 AM
PING RECV: 7/21/2023, 11:38:36 AM
7/21/2023, 11:38:36 AM
PING RECV: 7/21/2023, 11:38:56 AM
7/21/2023, 11:40:36 AM
7/21/2023, 11:42:36 AM
PING RECV: 7/21/2023, 11:43:36 AM
PING RECV: 7/21/2023, 11:43:56 AM
7/21/2023, 11:44:36 AM
7/21/2023, 11:46:36 AM
PING RECV: 7/21/2023, 11:48:36 AM
7/21/2023, 11:48:36 AM
PING RECV: 7/21/2023, 11:48:56 AM
7/21/2023, 11:50:36 AM
7/21/2023, 11:52:37 AM
PING RECV: 7/21/2023, 11:53:36 AM
PING RECV: 7/21/2023, 11:53:56 AM
7/21/2023, 11:54:37 AM
7/21/2023, 11:56:37 AM
PING RECV: 7/21/2023, 11:58:36 AM
7/21/2023, 11:58:37 AM
PING RECV: 7/21/2023, 11:58:56 AM
7/21/2023, 12:00:37 PM
7/21/2023, 12:02:37 PM
PING RECV: 7/21/2023, 12:03:36 PM
PING RECV: 7/21/2023, 12:03:56 PM
7/21/2023, 12:04:37 PM
7/21/2023, 12:06:37 PM
PING RECV: 7/21/2023, 12:08:36 PM
7/21/2023, 12:08:37 PM
PING RECV: 7/21/2023, 12:08:56 PM
7/21/2023, 12:10:37 PM
7/21/2023, 12:12:37 PM
PING RECV: 7/21/2023, 12:13:36 PM
PING RECV: 7/21/2023, 12:13:56 PM
7/21/2023, 12:14:37 PM
7/21/2023, 12:16:37 PM
PING RECV: 7/21/2023, 12:18:36 PM
7/21/2023, 12:18:37 PM
PING RECV: 7/21/2023, 12:18:56 PM
7/21/2023, 12:20:37 PM
7/21/2023, 12:22:37 PM
PING RECV: 7/21/2023, 12:23:36 PM
PING RECV: 7/21/2023, 12:23:56 PM
7/21/2023, 12:24:37 PM
7/21/2023, 12:26:37 PM
PING RECV: 7/21/2023, 12:28:36 PM
7/21/2023, 12:28:37 PM
PING RECV: 7/21/2023, 12:28:56 PM
7/21/2023, 12:30:37 PM
7/21/2023, 12:32:37 PM
PING RECV: 7/21/2023, 12:33:36 PM
PING RECV: 7/21/2023, 12:33:56 PM
7/21/2023, 12:34:37 PM
7/21/2023, 12:36:37 PM
PING RECV: 7/21/2023, 12:38:36 PM
7/21/2023, 12:38:37 PM
PING RECV: 7/21/2023, 12:38:56 PM
7/21/2023, 12:40:37 PM
7/21/2023, 12:42:37 PM
PING RECV: 7/21/2023, 12:43:36 PM
PING RECV: 7/21/2023, 12:43:56 PM
7/21/2023, 12:44:37 PM
7/21/2023, 12:46:37 PM
PING RECV: 7/21/2023, 12:48:36 PM
7/21/2023, 12:48:37 PM
PING RECV: 7/21/2023, 12:48:56 PM
7/21/2023, 12:50:37 PM
7/21/2023, 12:52:37 PM
PING RECV: 7/21/2023, 12:53:36 PM
PING RECV: 7/21/2023, 12:53:56 PM
7/21/2023, 12:54:37 PM
7/21/2023, 12:56:37 PM
PING RECV: 7/21/2023, 12:58:36 PM
7/21/2023, 12:58:37 PM
PING RECV: 7/21/2023, 12:58:56 PM
7/21/2023, 1:00:37 PM
7/21/2023, 1:02:37 PM
PING RECV: 7/21/2023, 1:03:36 PM
PING RECV: 7/21/2023, 1:03:56 PM
7/21/2023, 1:04:37 PM
7/21/2023, 1:06:37 PM
PING RECV: 7/21/2023, 1:08:36 PM
7/21/2023, 1:08:37 PM
PING RECV: 7/21/2023, 1:08:56 PM
7/21/2023, 1:10:37 PM
7/21/2023, 1:12:37 PM
PING RECV: 7/21/2023, 1:13:36 PM
PING RECV: 7/21/2023, 1:13:56 PM
7/21/2023, 1:14:37 PM
7/21/2023, 1:16:37 PM
PING RECV: 7/21/2023, 1:18:36 PM
PING RECV: 7/21/2023, 1:18:56 PM
7/21/2023, 1:20:47 PM
7/21/2023, 1:22:48 PM
PING RECV: 7/21/2023, 1:23:36 PM
PING RECV: 7/21/2023, 1:23:56 PM
7/21/2023, 1:24:48 PM
7/21/2023, 1:26:48 PM
PING RECV: 7/21/2023, 1:28:36 PM
7/21/2023, 1:28:48 PM
PING RECV: 7/21/2023, 1:28:56 PM
7/21/2023, 1:30:48 PM
7/21/2023, 1:32:48 PM
PING RECV: 7/21/2023, 1:33:36 PM
PING RECV: 7/21/2023, 1:33:56 PM
7/21/2023, 1:34:48 PM
7/21/2023, 1:36:48 PM
PING RECV: 7/21/2023, 1:38:36 PM
7/21/2023, 1:38:48 PM
PING RECV: 7/21/2023, 1:38:56 PM
7/21/2023, 1:40:48 PM
7/21/2023, 1:42:48 PM
PING RECV: 7/21/2023, 1:43:36 PM
PING RECV: 7/21/2023, 1:43:56 PM
7/21/2023, 1:44:48 PM
7/21/2023, 1:46:48 PM
PING RECV: 7/21/2023, 1:48:36 PM
7/21/2023, 1:48:48 PM
PING RECV: 7/21/2023, 1:48:56 PM
7/21/2023, 1:50:48 PM
7/21/2023, 1:52:48 PM
PING RECV: 7/21/2023, 1:53:36 PM
PING RECV: 7/21/2023, 1:53:56 PM
7/21/2023, 1:54:48 PM
7/21/2023, 1:56:48 PM
PING RECV: 7/21/2023, 1:58:36 PM
7/21/2023, 1:58:48 PM
PING RECV: 7/21/2023, 1:58:56 PM
7/21/2023, 2:00:48 PM
7/21/2023, 2:02:48 PM
PING RECV: 7/21/2023, 2:03:36 PM
PING RECV: 7/21/2023, 2:03:56 PM
7/21/2023, 2:04:48 PM
7/21/2023, 2:06:48 PM
PING RECV: 7/21/2023, 2:08:36 PM
7/21/2023, 2:08:48 PM
PING RECV: 7/21/2023, 2:08:56 PM
7/21/2023, 2:10:48 PM
7/21/2023, 2:12:48 PM
PING RECV: 7/21/2023, 2:13:36 PM
PING RECV: 7/21/2023, 2:13:56 PM
7/21/2023, 2:14:48 PM
7/21/2023, 2:16:48 PM
PING RECV: 7/21/2023, 2:18:36 PM
7/21/2023, 2:18:48 PM
PING RECV: 7/21/2023, 2:18:56 PM
7/21/2023, 2:20:48 PM
7/21/2023, 2:22:48 PM
PING RECV: 7/21/2023, 2:23:36 PM
PING RECV: 7/21/2023, 2:23:56 PM
7/21/2023, 2:24:48 PM
7/21/2023, 2:26:48 PM
PING RECV: 7/21/2023, 2:28:36 PM
7/21/2023, 2:28:48 PM
PING RECV: 7/21/2023, 2:28:56 PM
7/21/2023, 2:30:48 PM
7/21/2023, 2:32:48 PM
PING RECV: 7/21/2023, 2:33:36 PM
PING RECV: 7/21/2023, 2:33:56 PM
7/21/2023, 2:34:48 PM
7/21/2023, 2:36:48 PM
PING RECV: 7/21/2023, 2:38:36 PM
7/21/2023, 2:38:48 PM
PING RECV: 7/21/2023, 2:38:56 PM
7/21/2023, 2:40:48 PM
7/21/2023, 2:42:48 PM
PING RECV: 7/21/2023, 2:43:36 PM
PING RECV: 7/21/2023, 2:43:56 PM
7/21/2023, 2:44:48 PM
7/21/2023, 2:46:48 PM
PING RECV: 7/21/2023, 2:48:36 PM
7/21/2023, 2:48:48 PM
PING RECV: 7/21/2023, 2:48:56 PM
7/21/2023, 2:50:49 PM
7/21/2023, 2:52:49 PM
PING RECV: 7/21/2023, 2:53:36 PM
PING RECV: 7/21/2023, 2:53:56 PM
7/21/2023, 2:54:49 PM
7/21/2023, 2:56:49 PM
PING RECV: 7/21/2023, 2:58:36 PM
7/21/2023, 2:58:49 PM
PING RECV: 7/21/2023, 2:58:56 PM
7/21/2023, 3:00:49 PM
7/21/2023, 3:02:49 PM
PING RECV: 7/21/2023, 3:03:36 PM
PING RECV: 7/21/2023, 3:03:56 PM
7/21/2023, 3:04:49 PM
7/21/2023, 3:06:49 PM
PING RECV: 7/21/2023, 3:08:36 PM
7/21/2023, 3:08:49 PM
PING RECV: 7/21/2023, 3:08:56 PM
7/21/2023, 3:10:49 PM
7/21/2023, 3:12:49 PM
PING RECV: 7/21/2023, 3:13:36 PM
PING RECV: 7/21/2023, 3:13:56 PM
7/21/2023, 3:14:49 PM
7/21/2023, 3:16:49 PM
PING RECV: 7/21/2023, 3:18:36 PM
7/21/2023, 3:18:49 PM
PING RECV: 7/21/2023, 3:18:56 PM
7/21/2023, 3:20:49 PM
7/21/2023, 3:22:49 PM
PING RECV: 7/21/2023, 3:23:36 PM
PING RECV: 7/21/2023, 3:23:56 PM
7/21/2023, 3:24:49 PM
7/21/2023, 3:26:49 PM
PING RECV: 7/21/2023, 3:28:36 PM
7/21/2023, 3:28:49 PM
PING RECV: 7/21/2023, 3:28:56 PM
7/21/2023, 3:30:49 PM
7/21/2023, 3:32:49 PM
PING RECV: 7/21/2023, 3:33:36 PM
PING RECV: 7/21/2023, 3:33:56 PM
7/21/2023, 3:34:49 PM
7/21/2023, 3:36:49 PM
PING RECV: 7/21/2023, 3:38:36 PM
7/21/2023, 3:38:49 PM
PING RECV: 7/21/2023, 3:38:56 PM
7/21/2023, 3:40:49 PM
7/21/2023, 3:42:49 PM
PING RECV: 7/21/2023, 3:43:36 PM
PING RECV: 7/21/2023, 3:43:56 PM
7/21/2023, 3:44:49 PM
7/21/2023, 3:46:49 PM
PING RECV: 7/21/2023, 3:48:36 PM
7/21/2023, 3:48:49 PM
PING RECV: 7/21/2023, 3:48:56 PM
7/21/2023, 3:50:49 PM
7/21/2023, 3:52:49 PM
PING RECV: 7/21/2023, 3:53:36 PM
PING RECV: 7/21/2023, 3:53:56 PM
7/21/2023, 3:54:49 PM
7/21/2023, 3:56:49 PM
PING RECV: 7/21/2023, 3:58:36 PM
7/21/2023, 3:58:49 PM
PING RECV: 7/21/2023, 3:58:56 PM
7/21/2023, 4:00:49 PM
7/21/2023, 4:02:49 PM
PING RECV: 7/21/2023, 4:03:36 PM
PING RECV: 7/21/2023, 4:03:56 PM
7/21/2023, 4:04:49 PM
7/21/2023, 4:06:49 PM
PING RECV: 7/21/2023, 4:08:36 PM
7/21/2023, 4:08:49 PM
PING RECV: 7/21/2023, 4:08:56 PM
7/21/2023, 4:10:49 PM
7/21/2023, 4:12:49 PM
PING RECV: 7/21/2023, 4:13:36 PM
PING RECV: 7/21/2023, 4:13:56 PM
7/21/2023, 4:14:49 PM
7/21/2023, 4:16:50 PM
PING RECV: 7/21/2023, 4:18:36 PM
7/21/2023, 4:18:50 PM
PING RECV: 7/21/2023, 4:18:56 PM
7/21/2023, 4:20:50 PM
7/21/2023, 4:22:50 PM
PING RECV: 7/21/2023, 4:23:36 PM
PING RECV: 7/21/2023, 4:23:56 PM
7/21/2023, 4:24:50 PM
7/21/2023, 4:26:50 PM
PING RECV: 7/21/2023, 4:28:36 PM
7/21/2023, 4:28:50 PM
PING RECV: 7/21/2023, 4:28:56 PM
7/21/2023, 4:30:50 PM
7/21/2023, 4:32:50 PM
PING RECV: 7/21/2023, 4:33:36 PM
PING RECV: 7/21/2023, 4:33:56 PM
7/21/2023, 4:34:50 PM
7/21/2023, 4:36:50 PM
PING RECV: 7/21/2023, 4:38:36 PM
7/21/2023, 4:38:50 PM
PING RECV: 7/21/2023, 4:38:56 PM
7/21/2023, 4:40:50 PM
7/21/2023, 4:42:50 PM
PING RECV: 7/21/2023, 4:43:36 PM
PING RECV: 7/21/2023, 4:43:56 PM
7/21/2023, 4:44:50 PM
7/21/2023, 4:46:50 PM
PING RECV: 7/21/2023, 4:48:36 PM
7/21/2023, 4:48:50 PM
PING RECV: 7/21/2023, 4:48:56 PM
7/21/2023, 4:50:50 PM
7/21/2023, 4:52:50 PM
PING RECV: 7/21/2023, 4:53:36 PM
PING RECV: 7/21/2023, 4:53:56 PM
7/21/2023, 4:54:50 PM
7/21/2023, 4:58:05 PM
PING RECV: 7/21/2023, 4:58:36 PM
PING RECV: 7/21/2023, 4:58:56 PM
7/21/2023, 5:00:05 PM
7/21/2023, 5:02:05 PM
PING RECV: 7/21/2023, 5:03:36 PM
PING RECV: 7/21/2023, 5:03:56 PM
7/21/2023, 5:04:05 PM
7/21/2023, 5:06:05 PM
7/21/2023, 5:08:05 PM
PING RECV: 7/21/2023, 5:08:36 PM
PING RECV: 7/21/2023, 5:08:56 PM
7/21/2023, 5:10:05 PM
7/21/2023, 5:12:05 PM
PING RECV: 7/21/2023, 5:13:36 PM
PING RECV: 7/21/2023, 5:13:56 PM
7/21/2023, 5:14:05 PM
PING RECV: 7/21/2023, 5:24:01 PM
PING RECV: 7/21/2023, 5:24:17 PM
7/21/2023, 5:26:01 PM
7/21/2023, 5:28:01 PM
PING RECV: 7/21/2023, 5:28:56 PM
PING RECV: 7/21/2023, 5:29:16 PM
7/21/2023, 5:30:01 PM
7/21/2023, 5:32:01 PM
PING RECV: 7/21/2023, 5:33:56 PM
7/21/2023, 5:34:01 PM
PING RECV: 7/21/2023, 5:34:16 PM
7/21/2023, 5:36:01 PM
7/21/2023, 5:38:01 PM
PING RECV: 7/21/2023, 5:38:56 PM
PING RECV: 7/21/2023, 5:39:16 PM
7/21/2023, 5:40:01 PM
7/21/2023, 5:42:01 PM
PING RECV: 7/21/2023, 5:43:56 PM
7/21/2023, 5:44:01 PM
PING RECV: 7/21/2023, 5:44:16 PM
7/21/2023, 5:46:01 PM
7/21/2023, 5:48:01 PM
PING RECV: 7/21/2023, 5:48:56 PM
PING RECV: 7/21/2023, 5:49:16 PM
7/21/2023, 5:50:01 PM
7/21/2023, 5:52:01 PM
PING RECV: 7/21/2023, 5:58:56 PM
PING RECV: 7/21/2023, 5:59:36 PM
7/21/2023, 6:00:30 PM
7/21/2023, 6:02:30 PM
PING RECV: 7/21/2023, 6:03:56 PM
7/21/2023, 6:04:30 PM
PING RECV: 7/21/2023, 6:04:36 PM
7/21/2023, 6:06:30 PM
7/21/2023, 6:08:30 PM
PING RECV: 7/21/2023, 6:08:56 PM
PING RECV: 7/21/2023, 6:09:36 PM
7/21/2023, 6:10:30 PM
7/21/2023, 6:12:30 PM
PING RECV: 7/21/2023, 6:14:36 PM
7/21/2023, 6:16:18 PM
7/21/2023, 6:18:18 PM
PING RECV: 7/21/2023, 6:18:56 PM
PING RECV: 7/21/2023, 6:19:36 PM
7/21/2023, 6:20:18 PM
7/21/2023, 6:22:18 PM
PING RECV: 7/21/2023, 6:23:56 PM
7/21/2023, 6:24:18 PM
PING RECV: 7/21/2023, 6:24:36 PM
7/21/2023, 6:26:18 PM
7/21/2023, 6:28:18 PM
PING RECV: 7/21/2023, 6:28:56 PM
PING RECV: 7/21/2023, 6:29:36 PM
7/21/2023, 6:30:18 PM
7/21/2023, 6:32:18 PM
PING RECV: 7/21/2023, 6:33:56 PM
7/21/2023, 6:34:18 PM
PING RECV: 7/21/2023, 6:34:36 PM
7/21/2023, 6:36:18 PM
7/21/2023, 6:38:18 PM
PING RECV: 7/21/2023, 6:38:56 PM
PING RECV: 7/21/2023, 6:39:36 PM
7/21/2023, 6:40:18 PM
7/21/2023, 6:42:18 PM
PING RECV: 7/21/2023, 6:43:56 PM
7/21/2023, 6:44:18 PM
PING RECV: 7/21/2023, 6:44:36 PM
7/21/2023, 6:46:18 PM
7/21/2023, 6:48:18 PM
PING RECV: 7/21/2023, 6:48:56 PM
PING RECV: 7/21/2023, 6:49:36 PM
7/21/2023, 6:50:18 PM
7/21/2023, 6:52:18 PM
PING RECV: 7/21/2023, 6:53:56 PM
7/21/2023, 6:54:18 PM
PING RECV: 7/21/2023, 6:54:36 PM
7/21/2023, 6:56:18 PM
7/21/2023, 6:58:18 PM
PING RECV: 7/21/2023, 6:58:56 PM
PING RECV: 7/21/2023, 6:59:36 PM
7/21/2023, 7:00:18 PM
7/21/2023, 7:02:18 PM
PING RECV: 7/21/2023, 7:03:56 PM
7/21/2023, 7:04:18 PM
PING RECV: 7/21/2023, 7:04:36 PM
7/21/2023, 7:06:18 PM
7/21/2023, 7:08:18 PM
PING RECV: 7/21/2023, 7:08:56 PM
7/21/2023, 7:18:08 PM
PING RECV: 7/21/2023, 7:18:56 PM
7/21/2023, 7:20:08 PM
PING RECV: 7/21/2023, 7:20:16 PM
7/21/2023, 7:22:08 PM
PING RECV: 7/21/2023, 7:23:56 PM
7/21/2023, 7:24:08 PM
PING RECV: 7/21/2023, 7:25:16 PM
7/21/2023, 7:26:08 PM
7/21/2023, 7:28:08 PM
PING RECV: 7/21/2023, 7:28:56 PM
7/21/2023, 7:30:08 PM
PING RECV: 7/21/2023, 7:30:16 PM
7/21/2023, 7:32:08 PM
PING RECV: 7/21/2023, 7:33:56 PM
7/21/2023, 7:34:08 PM
PING RECV: 7/21/2023, 7:35:16 PM
7/21/2023, 7:36:08 PM
7/21/2023, 7:38:08 PM
PING RECV: 7/21/2023, 7:38:56 PM
7/21/2023, 7:40:08 PM
PING RECV: 7/21/2023, 7:40:16 PM
7/21/2023, 7:42:08 PM
PING RECV: 7/21/2023, 7:43:56 PM
7/21/2023, 7:44:08 PM
PING RECV: 7/21/2023, 7:45:16 PM
7/21/2023, 7:46:08 PM
7/21/2023, 7:48:08 PM
PING RECV: 7/21/2023, 7:48:56 PM
7/21/2023, 7:50:08 PM
PING RECV: 7/21/2023, 7:50:16 PM
7/21/2023, 7:52:08 PM
PING RECV: 7/21/2023, 7:53:56 PM
7/21/2023, 7:54:08 PM
PING RECV: 7/21/2023, 7:55:16 PM
7/21/2023, 7:56:09 PM
7/21/2023, 7:58:09 PM
PING RECV: 7/21/2023, 7:58:56 PM
7/21/2023, 8:00:09 PM
PING RECV: 7/21/2023, 8:00:16 PM
7/21/2023, 8:02:09 PM
PING RECV: 7/21/2023, 8:03:56 PM
7/21/2023, 8:04:09 PM
PING RECV: 7/21/2023, 8:05:16 PM
7/21/2023, 8:06:09 PM
7/21/2023, 8:08:09 PM
PING RECV: 7/21/2023, 8:08:56 PM
7/21/2023, 8:10:09 PM
PING RECV: 7/21/2023, 8:10:16 PM
7/21/2023, 8:12:09 PM
PING RECV: 7/21/2023, 8:20:56 PM
7/21/2023, 8:22:44 PM
PING RECV: 7/21/2023, 8:23:56 PM
7/21/2023, 8:24:44 PM
PING RECV: 7/21/2023, 8:25:56 PM
7/21/2023, 8:26:44 PM
7/21/2023, 8:28:44 PM
PING RECV: 7/21/2023, 8:28:56 PM
7/21/2023, 8:30:44 PM
PING RECV: 7/21/2023, 8:30:56 PM
PING RECV: 7/21/2023, 8:33:56 PM
7/21/2023, 8:34:57 PM
PING RECV: 7/21/2023, 8:35:56 PM
7/21/2023, 8:36:57 PM
PING RECV: 7/21/2023, 8:38:56 PM
7/21/2023, 8:38:57 PM
PING RECV: 7/21/2023, 8:40:56 PM
7/21/2023, 8:40:57 PM
7/21/2023, 8:42:57 PM
PING RECV: 7/21/2023, 8:43:56 PM
7/21/2023, 8:44:57 PM
PING RECV: 7/21/2023, 8:45:56 PM
7/21/2023, 8:46:57 PM
PING RECV: 7/21/2023, 8:48:56 PM
7/21/2023, 8:48:57 PM
PING RECV: 7/21/2023, 8:50:56 PM
7/21/2023, 8:50:57 PM
7/21/2023, 8:52:57 PM
PING RECV: 7/21/2023, 8:53:56 PM
7/21/2023, 8:54:57 PM
PING RECV: 7/21/2023, 8:55:56 PM
7/21/2023, 8:56:57 PM
PING RECV: 7/21/2023, 8:58:56 PM
7/21/2023, 8:58:57 PM
PING RECV: 7/21/2023, 9:00:56 PM
7/21/2023, 9:00:57 PM
7/21/2023, 9:02:57 PM
PING RECV: 7/21/2023, 9:03:56 PM
7/21/2023, 9:04:57 PM
PING RECV: 7/21/2023, 9:05:56 PM
7/21/2023, 9:06:57 PM
PING RECV: 7/21/2023, 9:08:56 PM
7/21/2023, 9:08:57 PM
PING RECV: 7/21/2023, 9:10:56 PM
7/21/2023, 9:10:57 PM
7/21/2023, 9:12:57 PM
PING RECV: 7/21/2023, 9:13:56 PM
7/21/2023, 9:14:57 PM
PING RECV: 7/21/2023, 9:15:56 PM
7/21/2023, 9:16:58 PM
PING RECV: 7/21/2023, 9:18:56 PM
7/21/2023, 9:18:58 PM
PING RECV: 7/21/2023, 9:20:56 PM
7/21/2023, 9:20:58 PM
7/21/2023, 9:22:58 PM
PING RECV: 7/21/2023, 9:23:56 PM
7/21/2023, 9:24:58 PM
PING RECV: 7/21/2023, 9:25:56 PM
7/21/2023, 9:26:58 PM
PING RECV: 7/21/2023, 9:28:56 PM
7/21/2023, 9:28:58 PM
PING RECV: 7/21/2023, 9:30:56 PM
7/21/2023, 9:30:58 PM
7/21/2023, 9:32:58 PM
PING RECV: 7/21/2023, 9:33:56 PM
7/21/2023, 9:34:58 PM
PING RECV: 7/21/2023, 9:35:56 PM
7/21/2023, 9:36:58 PM
PING RECV: 7/21/2023, 9:38:56 PM
7/21/2023, 9:38:58 PM
PING RECV: 7/21/2023, 9:40:56 PM
7/21/2023, 9:40:58 PM
7/21/2023, 9:42:58 PM
PING RECV: 7/21/2023, 9:43:56 PM
7/21/2023, 9:44:58 PM
PING RECV: 7/21/2023, 9:45:56 PM
7/21/2023, 9:46:58 PM
PING RECV: 7/21/2023, 9:48:56 PM
7/21/2023, 9:48:58 PM
PING RECV: 7/21/2023, 9:50:56 PM
7/21/2023, 9:50:58 PM
7/21/2023, 9:52:58 PM
PING RECV: 7/21/2023, 9:53:56 PM
7/21/2023, 9:54:58 PM
PING RECV: 7/21/2023, 9:55:56 PM
7/21/2023, 9:56:58 PM
PING RECV: 7/21/2023, 9:58:56 PM
7/21/2023, 9:58:58 PM
PING RECV: 7/21/2023, 10:00:56 PM
7/21/2023, 10:00:58 PM
7/21/2023, 10:02:58 PM
PING RECV: 7/21/2023, 10:03:56 PM
7/21/2023, 10:04:58 PM
PING RECV: 7/21/2023, 10:05:56 PM
7/21/2023, 10:06:58 PM
PING RECV: 7/21/2023, 10:08:56 PM
7/21/2023, 10:08:58 PM
PING RECV: 7/21/2023, 10:10:56 PM
7/21/2023, 10:10:58 PM
7/21/2023, 10:12:58 PM
PING RECV: 7/21/2023, 10:13:56 PM
7/21/2023, 10:14:58 PM
PING RECV: 7/21/2023, 10:15:56 PM
7/21/2023, 10:16:58 PM
PING RECV: 7/21/2023, 10:18:56 PM
7/21/2023, 10:18:58 PM
PING RECV: 7/21/2023, 10:20:56 PM
7/21/2023, 10:20:58 PM
7/21/2023, 10:22:58 PM
PING RECV: 7/21/2023, 10:23:56 PM
7/21/2023, 10:24:58 PM
PING RECV: 7/21/2023, 10:25:56 PM
7/21/2023, 10:26:58 PM
PING RECV: 7/21/2023, 10:28:56 PM
7/21/2023, 10:28:58 PM
PING RECV: 7/21/2023, 10:38:56 PM
7/21/2023, 10:38:58 PM
7/21/2023, 10:40:58 PM
PING RECV: 7/21/2023, 10:41:16 PM
7/21/2023, 10:42:59 PM
PING RECV: 7/21/2023, 10:44:47 PM
7/21/2023, 10:44:59 PM
PING RECV: 7/21/2023, 10:46:16 PM
7/21/2023, 10:46:59 PM
PING RECV: 7/21/2023, 10:48:56 PM
7/21/2023, 10:48:59 PM
7/21/2023, 10:50:59 PM
PING RECV: 7/21/2023, 10:51:16 PM
7/21/2023, 10:52:59 PM
PING RECV: 7/21/2023, 10:53:56 PM
7/21/2023, 10:54:59 PM
PING RECV: 7/21/2023, 10:56:16 PM
7/21/2023, 10:56:59 PM
PING RECV: 7/21/2023, 10:58:56 PM
7/21/2023, 10:58:59 PM
7/21/2023, 11:00:59 PM
PING RECV: 7/21/2023, 11:01:16 PM
7/21/2023, 11:02:59 PM
PING RECV: 7/21/2023, 11:03:56 PM
7/21/2023, 11:04:59 PM
PING RECV: 7/21/2023, 11:06:16 PM
7/21/2023, 11:06:59 PM
PING RECV: 7/21/2023, 11:08:56 PM
7/21/2023, 11:08:59 PM
7/21/2023, 11:10:59 PM
PING RECV: 7/21/2023, 11:11:16 PM
7/21/2023, 11:12:59 PM
PING RECV: 7/21/2023, 11:13:56 PM
7/21/2023, 11:14:59 PM
PING RECV: 7/21/2023, 11:16:16 PM
7/21/2023, 11:16:59 PM
PING RECV: 7/21/2023, 11:18:56 PM
7/21/2023, 11:18:59 PM
7/21/2023, 11:20:59 PM
PING RECV: 7/21/2023, 11:21:16 PM
7/21/2023, 11:22:59 PM
PING RECV: 7/21/2023, 11:23:56 PM
PING RECV: 7/21/2023, 11:28:56 PM
PING RECV: 7/21/2023, 11:48:56 PM
7/21/2023, 11:50:00 PM
7/21/2023, 11:52:00 PM
PING RECV: 7/21/2023, 11:52:56 PM
PING RECV: 7/21/2023, 11:53:56 PM
7/21/2023, 11:54:00 PM
7/21/2023, 11:56:00 PM
PING RECV: 7/21/2023, 11:57:56 PM
7/21/2023, 11:58:00 PM
PING RECV: 7/21/2023, 11:58:56 PM
7/22/2023, 12:00:00 AM
7/22/2023, 12:02:00 AM
PING RECV: 7/22/2023, 12:02:56 AM
PING RECV: 7/22/2023, 12:03:56 AM
7/22/2023, 12:04:00 AM
7/22/2023, 12:06:00 AM
PING RECV: 7/22/2023, 12:07:56 AM
7/22/2023, 12:08:00 AM
PING RECV: 7/22/2023, 12:08:56 AM
7/22/2023, 12:10:00 AM
7/22/2023, 12:12:00 AM
PING RECV: 7/22/2023, 12:12:56 AM
PING RECV: 7/22/2023, 12:13:56 AM
7/22/2023, 12:14:00 AM
7/22/2023, 12:16:00 AM
PING RECV: 7/22/2023, 12:17:56 AM
7/22/2023, 12:18:00 AM
PING RECV: 7/22/2023, 12:18:56 AM
7/22/2023, 12:20:00 AM
7/22/2023, 12:22:00 AM
PING RECV: 7/22/2023, 12:22:56 AM
PING RECV: 7/22/2023, 12:23:56 AM
7/22/2023, 12:24:00 AM
7/22/2023, 12:26:00 AM
PING RECV: 7/22/2023, 12:27:56 AM
7/22/2023, 12:28:00 AM
PING RECV: 7/22/2023, 12:28:56 AM
7/22/2023, 12:30:00 AM
7/22/2023, 12:32:00 AM
PING RECV: 7/22/2023, 12:32:56 AM
PING RECV: 7/22/2023, 12:33:56 AM
7/22/2023, 12:34:00 AM
7/22/2023, 12:36:00 AM
PING RECV: 7/22/2023, 12:37:56 AM
7/22/2023, 12:38:00 AM
PING RECV: 7/22/2023, 12:38:56 AM
7/22/2023, 12:40:00 AM
7/22/2023, 12:42:00 AM
PING RECV: 7/22/2023, 12:42:56 AM
PING RECV: 7/22/2023, 12:43:56 AM
7/22/2023, 12:44:00 AM
7/22/2023, 12:46:00 AM
PING RECV: 7/22/2023, 12:47:56 AM
7/22/2023, 12:48:00 AM
PING RECV: 7/22/2023, 12:48:56 AM
7/22/2023, 12:50:00 AM
7/22/2023, 12:52:00 AM
PING RECV: 7/22/2023, 12:52:56 AM
PING RECV: 7/22/2023, 12:53:56 AM
7/22/2023, 12:54:00 AM
7/22/2023, 12:56:00 AM
PING RECV: 7/22/2023, 12:57:56 AM
7/22/2023, 12:58:00 AM
PING RECV: 7/22/2023, 12:58:56 AM
7/22/2023, 1:00:00 AM
7/22/2023, 1:02:00 AM
PING RECV: 7/22/2023, 1:02:56 AM
PING RECV: 7/22/2023, 1:03:56 AM
7/22/2023, 1:04:00 AM
7/22/2023, 1:06:00 AM
PING RECV: 7/22/2023, 1:07:56 AM
7/22/2023, 1:08:00 AM
PING RECV: 7/22/2023, 1:08:56 AM
7/22/2023, 1:10:00 AM
7/22/2023, 1:12:01 AM
PING RECV: 7/22/2023, 1:12:56 AM
PING RECV: 7/22/2023, 1:13:56 AM
7/22/2023, 1:14:01 AM
7/22/2023, 1:16:01 AM
PING RECV: 7/22/2023, 1:17:56 AM
7/22/2023, 1:18:01 AM
PING RECV: 7/22/2023, 1:18:56 AM
7/22/2023, 1:20:01 AM
7/22/2023, 1:22:01 AM
PING RECV: 7/22/2023, 1:22:56 AM
PING RECV: 7/22/2023, 1:23:56 AM
7/22/2023, 1:24:01 AM
7/22/2023, 1:26:01 AM
PING RECV: 7/22/2023, 1:27:56 AM
7/22/2023, 1:28:01 AM
PING RECV: 7/22/2023, 1:28:56 AM
7/22/2023, 1:30:01 AM
7/22/2023, 1:32:01 AM
PING RECV: 7/22/2023, 1:32:56 AM
PING RECV: 7/22/2023, 1:33:56 AM
7/22/2023, 1:34:01 AM
7/22/2023, 1:36:01 AM
PING RECV: 7/22/2023, 1:37:56 AM
7/22/2023, 1:38:01 AM
PING RECV: 7/22/2023, 1:38:56 AM
7/22/2023, 1:40:01 AM
7/22/2023, 1:42:01 AM
PING RECV: 7/22/2023, 1:42:56 AM
PING RECV: 7/22/2023, 1:43:56 AM
7/22/2023, 1:44:01 AM
7/22/2023, 1:46:01 AM
PING RECV: 7/22/2023, 1:47:56 AM
7/22/2023, 1:48:01 AM
PING RECV: 7/22/2023, 1:48:56 AM
7/22/2023, 1:50:01 AM
7/22/2023, 1:52:01 AM
PING RECV: 7/22/2023, 1:52:56 AM
PING RECV: 7/22/2023, 1:53:56 AM
7/22/2023, 1:54:01 AM
7/22/2023, 1:56:01 AM
PING RECV: 7/22/2023, 1:57:56 AM
7/22/2023, 1:58:01 AM
PING RECV: 7/22/2023, 1:58:56 AM
7/22/2023, 2:00:01 AM
7/22/2023, 2:02:01 AM
PING RECV: 7/22/2023, 2:02:56 AM
PING RECV: 7/22/2023, 2:03:56 AM
7/22/2023, 2:04:01 AM
7/22/2023, 2:06:01 AM
PING RECV: 7/22/2023, 2:07:56 AM
7/22/2023, 2:08:01 AM
PING RECV: 7/22/2023, 2:08:56 AM
7/22/2023, 2:10:01 AM
7/22/2023, 2:12:01 AM
PING RECV: 7/22/2023, 2:12:56 AM
PING RECV: 7/22/2023, 2:13:56 AM
7/22/2023, 2:14:01 AM
7/22/2023, 2:16:01 AM
PING RECV: 7/22/2023, 2:17:56 AM
7/22/2023, 2:18:01 AM
PING RECV: 7/22/2023, 2:18:56 AM
7/22/2023, 2:20:01 AM
7/22/2023, 2:22:01 AM
PING RECV: 7/22/2023, 2:22:56 AM
PING RECV: 7/22/2023, 2:23:56 AM
7/22/2023, 2:24:01 AM
7/22/2023, 2:26:01 AM
PING RECV: 7/22/2023, 2:27:56 AM
7/22/2023, 2:28:01 AM
PING RECV: 7/22/2023, 2:28:56 AM
7/22/2023, 2:30:01 AM
7/22/2023, 2:32:01 AM
PING RECV: 7/22/2023, 2:32:56 AM
PING RECV: 7/22/2023, 2:33:56 AM
7/22/2023, 2:34:01 AM
7/22/2023, 2:36:01 AM
PING RECV: 7/22/2023, 2:37:56 AM
7/22/2023, 2:38:01 AM
PING RECV: 7/22/2023, 2:38:56 AM
7/22/2023, 2:40:01 AM
7/22/2023, 2:42:01 AM
PING RECV: 7/22/2023, 2:42:56 AM
PING RECV: 7/22/2023, 2:43:56 AM
7/22/2023, 2:44:01 AM
7/22/2023, 2:46:01 AM
PING RECV: 7/22/2023, 2:47:56 AM
7/22/2023, 2:48:01 AM
PING RECV: 7/22/2023, 2:48:56 AM
7/22/2023, 2:50:01 AM
7/22/2023, 2:52:01 AM
PING RECV: 7/22/2023, 2:52:56 AM
PING RECV: 7/22/2023, 2:53:56 AM
7/22/2023, 2:54:01 AM
7/22/2023, 2:56:01 AM
PING RECV: 7/22/2023, 2:57:56 AM
7/22/2023, 2:58:01 AM
PING RECV: 7/22/2023, 2:58:56 AM
7/22/2023, 3:00:01 AM
7/22/2023, 3:02:01 AM
PING RECV: 7/22/2023, 3:02:56 AM
PING RECV: 7/22/2023, 3:03:56 AM
7/22/2023, 3:04:01 AM
7/22/2023, 3:06:01 AM
PING RECV: 7/22/2023, 3:07:56 AM
7/22/2023, 3:08:01 AM
PING RECV: 7/22/2023, 3:08:56 AM
7/22/2023, 3:10:01 AM
7/22/2023, 3:12:01 AM
PING RECV: 7/22/2023, 3:12:56 AM
PING RECV: 7/22/2023, 3:13:56 AM
7/22/2023, 3:14:01 AM
PING RECV: 7/22/2023, 3:29:01 AM
PING RECV: 7/22/2023, 3:29:01 AM
7/22/2023, 3:31:01 AM
7/22/2023, 3:33:01 AM
PING RECV: 7/22/2023, 3:33:56 AM
PING RECV: 7/22/2023, 3:33:56 AM
7/22/2023, 3:35:01 AM
7/22/2023, 3:37:01 AM
PING RECV: 7/22/2023, 3:38:56 AM
PING RECV: 7/22/2023, 3:38:56 AM
7/22/2023, 3:39:01 AM
7/22/2023, 3:41:01 AM
7/22/2023, 3:43:01 AM
PING RECV: 7/22/2023, 3:43:56 AM
PING RECV: 7/22/2023, 3:43:56 AM
7/22/2023, 3:45:01 AM
7/22/2023, 3:47:01 AM
PING RECV: 7/22/2023, 3:48:56 AM
PING RECV: 7/22/2023, 3:48:56 AM
7/22/2023, 3:49:01 AM
7/22/2023, 3:51:02 AM
7/22/2023, 3:53:02 AM
PING RECV: 7/22/2023, 3:53:56 AM
PING RECV: 7/22/2023, 3:53:56 AM
7/22/2023, 3:55:02 AM
7/22/2023, 3:57:02 AM
PING RECV: 7/22/2023, 3:58:56 AM
PING RECV: 7/22/2023, 3:58:56 AM
7/22/2023, 3:59:02 AM
7/22/2023, 4:01:02 AM
7/22/2023, 4:03:02 AM
PING RECV: 7/22/2023, 4:03:56 AM
PING RECV: 7/22/2023, 4:03:56 AM
7/22/2023, 4:05:02 AM
7/22/2023, 4:07:02 AM
PING RECV: 7/22/2023, 4:08:56 AM
PING RECV: 7/22/2023, 4:08:56 AM
7/22/2023, 4:09:02 AM
7/22/2023, 4:11:02 AM
7/22/2023, 4:13:02 AM
PING RECV: 7/22/2023, 4:13:56 AM
PING RECV: 7/22/2023, 4:13:56 AM
7/22/2023, 4:15:02 AM
7/22/2023, 4:17:02 AM
PING RECV: 7/22/2023, 4:18:56 AM
PING RECV: 7/22/2023, 4:18:56 AM
7/22/2023, 4:19:02 AM
7/22/2023, 4:21:02 AM
7/22/2023, 4:23:02 AM
PING RECV: 7/22/2023, 4:23:56 AM
PING RECV: 7/22/2023, 4:23:56 AM
7/22/2023, 4:25:02 AM
7/22/2023, 4:27:02 AM
PING RECV: 7/22/2023, 4:28:56 AM
PING RECV: 7/22/2023, 4:28:56 AM
7/22/2023, 4:29:02 AM
7/22/2023, 4:31:02 AM
7/22/2023, 4:33:02 AM
PING RECV: 7/22/2023, 4:33:56 AM
PING RECV: 7/22/2023, 4:33:56 AM
7/22/2023, 4:35:02 AM
7/22/2023, 4:37:02 AM
PING RECV: 7/22/2023, 4:38:56 AM
PING RECV: 7/22/2023, 4:38:56 AM
7/22/2023, 4:39:02 AM
7/22/2023, 4:41:02 AM
7/22/2023, 4:43:02 AM
PING RECV: 7/22/2023, 4:43:56 AM
PING RECV: 7/22/2023, 4:43:56 AM
7/22/2023, 4:45:02 AM
7/22/2023, 4:47:02 AM
PING RECV: 7/22/2023, 4:48:56 AM
PING RECV: 7/22/2023, 4:48:56 AM
7/22/2023, 4:49:02 AM
7/22/2023, 4:51:02 AM
7/22/2023, 4:53:02 AM
PING RECV: 7/22/2023, 4:53:56 AM
PING RECV: 7/22/2023, 4:53:56 AM
7/22/2023, 4:55:02 AM
7/22/2023, 4:57:02 AM
PING RECV: 7/22/2023, 4:58:56 AM
PING RECV: 7/22/2023, 4:58:56 AM
7/22/2023, 4:59:02 AM
7/22/2023, 5:01:02 AM
7/22/2023, 5:03:02 AM
PING RECV: 7/22/2023, 5:03:56 AM
PING RECV: 7/22/2023, 5:03:56 AM
7/22/2023, 5:05:02 AM
7/22/2023, 5:07:02 AM
PING RECV: 7/22/2023, 5:08:56 AM
PING RECV: 7/22/2023, 5:08:56 AM
7/22/2023, 5:09:02 AM
7/22/2023, 5:11:02 AM
7/22/2023, 5:13:02 AM
PING RECV: 7/22/2023, 5:13:56 AM
PING RECV: 7/22/2023, 5:13:56 AM
7/22/2023, 5:15:02 AM
7/22/2023, 5:17:02 AM
PING RECV: 7/22/2023, 5:18:56 AM
PING RECV: 7/22/2023, 5:18:56 AM
7/22/2023, 5:19:02 AM
7/22/2023, 5:21:02 AM
7/22/2023, 5:23:02 AM
PING RECV: 7/22/2023, 5:23:56 AM
PING RECV: 7/22/2023, 5:23:56 AM
7/22/2023, 5:25:03 AM
7/22/2023, 5:27:03 AM
PING RECV: 7/22/2023, 5:28:56 AM
PING RECV: 7/22/2023, 5:28:56 AM
7/22/2023, 5:29:03 AM
7/22/2023, 5:31:03 AM
7/22/2023, 5:33:03 AM
PING RECV: 7/22/2023, 5:33:56 AM
PING RECV: 7/22/2023, 5:33:56 AM
7/22/2023, 5:35:03 AM
7/22/2023, 5:37:03 AM
PING RECV: 7/22/2023, 5:38:56 AM
PING RECV: 7/22/2023, 5:38:56 AM
7/22/2023, 5:39:03 AM
7/22/2023, 5:41:03 AM
7/22/2023, 5:43:03 AM
PING RECV: 7/22/2023, 5:43:56 AM
PING RECV: 7/22/2023, 5:43:56 AM
7/22/2023, 5:45:03 AM
7/22/2023, 5:47:03 AM
PING RECV: 7/22/2023, 5:48:56 AM
PING RECV: 7/22/2023, 5:48:56 AM
7/22/2023, 5:49:03 AM
7/22/2023, 5:51:03 AM
7/22/2023, 5:53:03 AM
PING RECV: 7/22/2023, 5:53:56 AM
PING RECV: 7/22/2023, 5:53:56 AM
7/22/2023, 5:55:03 AM
7/22/2023, 5:57:03 AM
PING RECV: 7/22/2023, 5:58:56 AM
PING RECV: 7/22/2023, 5:58:56 AM
7/22/2023, 5:59:03 AM
7/22/2023, 6:01:03 AM
7/22/2023, 6:03:03 AM
PING RECV: 7/22/2023, 6:03:56 AM
PING RECV: 7/22/2023, 6:03:56 AM
7/22/2023, 6:05:03 AM
7/22/2023, 6:07:03 AM
PING RECV: 7/22/2023, 6:08:56 AM
PING RECV: 7/22/2023, 6:08:56 AM
7/22/2023, 6:09:03 AM
7/22/2023, 6:11:03 AM
7/22/2023, 6:13:03 AM
PING RECV: 7/22/2023, 6:13:56 AM
PING RECV: 7/22/2023, 6:13:56 AM
7/22/2023, 6:15:03 AM
7/22/2023, 6:17:03 AM
PING RECV: 7/22/2023, 6:18:56 AM
PING RECV: 7/22/2023, 6:18:56 AM
7/22/2023, 6:19:03 AM
7/22/2023, 6:21:03 AM
7/22/2023, 6:23:03 AM
PING RECV: 7/22/2023, 6:23:56 AM
PING RECV: 7/22/2023, 6:23:56 AM
7/22/2023, 6:25:03 AM
7/22/2023, 6:27:03 AM
PING RECV: 7/22/2023, 6:28:56 AM
PING RECV: 7/22/2023, 6:28:56 AM
7/22/2023, 6:29:03 AM
7/22/2023, 6:31:03 AM
7/22/2023, 6:33:03 AM
PING RECV: 7/22/2023, 6:33:56 AM
PING RECV: 7/22/2023, 6:33:56 AM
7/22/2023, 6:35:03 AM
7/22/2023, 6:37:03 AM
PING RECV: 7/22/2023, 6:38:56 AM
PING RECV: 7/22/2023, 6:38:56 AM
7/22/2023, 6:39:03 AM
7/22/2023, 6:41:03 AM
7/22/2023, 6:43:03 AM
PING RECV: 7/22/2023, 6:43:56 AM
PING RECV: 7/22/2023, 6:43:56 AM
7/22/2023, 6:45:03 AM
7/22/2023, 6:47:03 AM
PING RECV: 7/22/2023, 6:48:56 AM
PING RECV: 7/22/2023, 6:48:56 AM
7/22/2023, 6:49:03 AM
7/22/2023, 6:51:03 AM
7/22/2023, 6:53:03 AM
PING RECV: 7/22/2023, 6:53:56 AM
PING RECV: 7/22/2023, 6:53:56 AM
7/22/2023, 6:55:03 AM
7/22/2023, 6:57:03 AM
PING RECV: 7/22/2023, 6:58:56 AM
PING RECV: 7/22/2023, 6:58:56 AM
7/22/2023, 6:59:03 AM
7/22/2023, 7:01:03 AM
7/22/2023, 7:03:03 AM
PING RECV: 7/22/2023, 7:03:56 AM
PING RECV: 7/22/2023, 7:03:56 AM
7/22/2023, 7:05:04 AM
7/22/2023, 7:07:04 AM
PING RECV: 7/22/2023, 7:08:56 AM
PING RECV: 7/22/2023, 7:08:56 AM
7/22/2023, 7:09:04 AM
7/22/2023, 7:11:04 AM
7/22/2023, 7:13:04 AM
PING RECV: 7/22/2023, 7:13:56 AM
PING RECV: 7/22/2023, 7:13:56 AM
7/22/2023, 7:15:04 AM
7/22/2023, 7:17:04 AM
PING RECV: 7/22/2023, 7:18:56 AM
PING RECV: 7/22/2023, 7:18:56 AM
7/22/2023, 7:19:04 AM
7/22/2023, 7:21:04 AM
7/22/2023, 7:23:04 AM
PING RECV: 7/22/2023, 7:23:56 AM
PING RECV: 7/22/2023, 7:23:56 AM
7/22/2023, 7:25:04 AM
7/22/2023, 7:27:04 AM
PING RECV: 7/22/2023, 7:28:56 AM
PING RECV: 7/22/2023, 7:28:56 AM
7/22/2023, 7:29:04 AM
7/22/2023, 7:31:04 AM
7/22/2023, 7:33:04 AM
PING RECV: 7/22/2023, 7:33:56 AM
PING RECV: 7/22/2023, 7:33:56 AM
7/22/2023, 7:35:04 AM
7/22/2023, 7:37:04 AM
PING RECV: 7/22/2023, 7:38:56 AM
PING RECV: 7/22/2023, 7:38:56 AM
7/22/2023, 7:39:04 AM
7/22/2023, 7:41:04 AM
7/22/2023, 7:43:04 AM
PING RECV: 7/22/2023, 7:43:56 AM
PING RECV: 7/22/2023, 7:43:56 AM
7/22/2023, 7:45:04 AM
7/22/2023, 7:47:04 AM
PING RECV: 7/22/2023, 7:48:56 AM
PING RECV: 7/22/2023, 7:48:56 AM
7/22/2023, 7:49:04 AM
7/22/2023, 7:51:04 AM
7/22/2023, 7:53:04 AM
PING RECV: 7/22/2023, 7:53:56 AM
PING RECV: 7/22/2023, 7:53:56 AM
7/22/2023, 7:55:04 AM
7/22/2023, 7:57:04 AM
PING RECV: 7/22/2023, 7:58:56 AM
PING RECV: 7/22/2023, 7:58:56 AM
7/22/2023, 7:59:04 AM
7/22/2023, 8:01:04 AM
7/22/2023, 8:03:04 AM
PING RECV: 7/22/2023, 8:03:56 AM
PING RECV: 7/22/2023, 8:03:56 AM
7/22/2023, 8:05:04 AM
7/22/2023, 8:07:04 AM
PING RECV: 7/22/2023, 8:08:56 AM
PING RECV: 7/22/2023, 8:08:56 AM
7/22/2023, 8:09:04 AM
7/22/2023, 8:11:04 AM
7/22/2023, 8:13:04 AM
PING RECV: 7/22/2023, 8:13:56 AM
PING RECV: 7/22/2023, 8:13:56 AM
7/22/2023, 8:15:04 AM
7/22/2023, 8:17:04 AM
PING RECV: 7/22/2023, 8:18:56 AM
PING RECV: 7/22/2023, 8:18:56 AM
7/22/2023, 8:19:04 AM
7/22/2023, 8:21:04 AM
7/22/2023, 8:23:04 AM
PING RECV: 7/22/2023, 8:23:56 AM
PING RECV: 7/22/2023, 8:23:56 AM
7/22/2023, 8:25:04 AM
7/22/2023, 8:27:04 AM
PING RECV: 7/22/2023, 8:28:56 AM
PING RECV: 7/22/2023, 8:28:56 AM
7/22/2023, 8:29:04 AM
7/22/2023, 8:31:04 AM
7/22/2023, 8:33:04 AM
PING RECV: 7/22/2023, 8:33:56 AM
PING RECV: 7/22/2023, 8:33:56 AM
7/22/2023, 8:35:04 AM
7/22/2023, 8:37:04 AM
PING RECV: 7/22/2023, 8:38:56 AM
PING RECV: 7/22/2023, 8:38:56 AM
7/22/2023, 8:39:04 AM
7/22/2023, 8:41:04 AM
7/22/2023, 8:43:04 AM
PING RECV: 7/22/2023, 8:43:56 AM
PING RECV: 7/22/2023, 8:43:56 AM
7/22/2023, 8:45:04 AM
7/22/2023, 8:47:04 AM
PING RECV: 7/22/2023, 8:48:56 AM
PING RECV: 7/22/2023, 8:48:56 AM
7/22/2023, 8:49:04 AM
7/22/2023, 8:51:05 AM
7/22/2023, 8:53:05 AM
PING RECV: 7/22/2023, 8:53:56 AM
PING RECV: 7/22/2023, 8:53:56 AM
7/22/2023, 8:55:05 AM
7/22/2023, 8:57:05 AM
PING RECV: 7/22/2023, 8:58:56 AM
PING RECV: 7/22/2023, 8:58:56 AM
7/22/2023, 8:59:05 AM
7/22/2023, 9:01:05 AM
7/22/2023, 9:03:05 AM
PING RECV: 7/22/2023, 9:03:56 AM
PING RECV: 7/22/2023, 9:03:56 AM
7/22/2023, 9:05:05 AM
7/22/2023, 9:07:05 AM
PING RECV: 7/22/2023, 9:08:56 AM
PING RECV: 7/22/2023, 9:08:56 AM
7/22/2023, 9:09:05 AM
7/22/2023, 9:11:05 AM
7/22/2023, 9:13:05 AM
PING RECV: 7/22/2023, 9:13:56 AM
PING RECV: 7/22/2023, 9:13:56 AM
7/22/2023, 9:15:05 AM
7/22/2023, 9:17:05 AM
PING RECV: 7/22/2023, 9:18:56 AM
PING RECV: 7/22/2023, 9:18:56 AM
7/22/2023, 9:20:14 AM
7/22/2023, 9:22:14 AM
PING RECV: 7/22/2023, 9:23:56 AM
PING RECV: 7/22/2023, 9:23:56 AM
7/22/2023, 9:24:14 AM
7/22/2023, 9:26:14 AM
7/22/2023, 9:28:14 AM
PING RECV: 7/22/2023, 9:28:56 AM
PING RECV: 7/22/2023, 9:28:56 AM
7/22/2023, 9:30:14 AM
7/22/2023, 9:32:14 AM
PING RECV: 7/22/2023, 9:33:56 AM
PING RECV: 7/22/2023, 9:33:56 AM
7/22/2023, 9:34:14 AM
7/22/2023, 9:36:14 AM
7/22/2023, 9:38:14 AM
PING RECV: 7/22/2023, 9:38:56 AM
PING RECV: 7/22/2023, 9:38:56 AM
7/22/2023, 9:40:14 AM
7/22/2023, 9:42:15 AM
PING RECV: 7/22/2023, 9:43:56 AM
PING RECV: 7/22/2023, 9:43:56 AM
7/22/2023, 9:44:15 AM
7/22/2023, 9:46:15 AM
7/22/2023, 9:48:15 AM
PING RECV: 7/22/2023, 9:48:56 AM
PING RECV: 7/22/2023, 9:48:56 AM
7/22/2023, 9:50:15 AM
7/22/2023, 9:52:15 AM
PING RECV: 7/22/2023, 9:53:56 AM
PING RECV: 7/22/2023, 9:53:56 AM
7/22/2023, 9:54:15 AM
7/22/2023, 9:56:15 AM
7/22/2023, 9:58:15 AM
PING RECV: 7/22/2023, 9:58:56 AM
PING RECV: 7/22/2023, 9:58:56 AM
7/22/2023, 10:00:15 AM
7/22/2023, 10:02:15 AM
PING RECV: 7/22/2023, 10:03:56 AM
PING RECV: 7/22/2023, 10:03:56 AM
7/22/2023, 10:04:15 AM
7/22/2023, 10:06:15 AM
7/22/2023, 10:08:15 AM
PING RECV: 7/22/2023, 10:08:56 AM
PING RECV: 7/22/2023, 10:08:56 AM
7/22/2023, 10:10:15 AM
7/22/2023, 10:12:15 AM
PING RECV: 7/22/2023, 10:13:56 AM
PING RECV: 7/22/2023, 10:13:56 AM
7/22/2023, 10:14:15 AM
7/22/2023, 10:16:15 AM
7/22/2023, 10:18:15 AM
PING RECV: 7/22/2023, 10:18:56 AM
PING RECV: 7/22/2023, 10:18:56 AM
7/22/2023, 10:20:15 AM
7/22/2023, 10:22:15 AM
PING RECV: 7/22/2023, 10:23:56 AM
PING RECV: 7/22/2023, 10:23:56 AM
7/22/2023, 10:24:15 AM
7/22/2023, 10:26:15 AM
7/22/2023, 10:28:15 AM
PING RECV: 7/22/2023, 10:28:56 AM
PING RECV: 7/22/2023, 10:28:56 AM
7/22/2023, 10:30:15 AM
7/22/2023, 10:32:15 AM
PING RECV: 7/22/2023, 10:33:56 AM
PING RECV: 7/22/2023, 10:33:56 AM
7/22/2023, 10:34:15 AM
7/22/2023, 10:36:15 AM
7/22/2023, 10:38:15 AM
PING RECV: 7/22/2023, 10:38:56 AM
PING RECV: 7/22/2023, 10:38:56 AM
7/22/2023, 10:40:15 AM
7/22/2023, 10:42:15 AM
PING RECV: 7/22/2023, 10:43:56 AM
PING RECV: 7/22/2023, 10:43:56 AM
7/22/2023, 10:44:15 AM
7/22/2023, 10:46:15 AM
7/22/2023, 10:48:15 AM
PING RECV: 7/22/2023, 10:48:56 AM
PING RECV: 7/22/2023, 10:48:56 AM
7/22/2023, 10:50:15 AM
7/22/2023, 10:52:15 AM
PING RECV: 7/22/2023, 10:53:56 AM
PING RECV: 7/22/2023, 10:53:56 AM
7/22/2023, 10:54:15 AM
7/22/2023, 10:56:15 AM
7/22/2023, 10:58:16 AM
PING RECV: 7/22/2023, 10:58:56 AM
PING RECV: 7/22/2023, 10:58:56 AM
7/22/2023, 11:00:16 AM
7/22/2023, 11:02:16 AM
PING RECV: 7/22/2023, 11:03:56 AM
PING RECV: 7/22/2023, 11:03:56 AM
7/22/2023, 11:04:16 AM
7/22/2023, 11:06:16 AM
7/22/2023, 11:08:16 AM
PING RECV: 7/22/2023, 11:08:56 AM
PING RECV: 7/22/2023, 11:08:56 AM
7/22/2023, 11:10:16 AM
7/22/2023, 11:12:16 AM
PING RECV: 7/22/2023, 11:13:56 AM
PING RECV: 7/22/2023, 11:13:56 AM
7/22/2023, 11:14:16 AM
7/22/2023, 11:17:08 AM
PING RECV: 7/22/2023, 11:18:56 AM
PING RECV: 7/22/2023, 11:18:56 AM
7/22/2023, 11:19:08 AM
7/22/2023, 11:21:08 AM
7/22/2023, 11:23:08 AM
PING RECV: 7/22/2023, 11:23:56 AM
PING RECV: 7/22/2023, 11:23:56 AM
7/22/2023, 11:25:08 AM
7/22/2023, 11:27:08 AM
PING RECV: 7/22/2023, 11:28:56 AM
PING RECV: 7/22/2023, 11:28:57 AM
7/22/2023, 11:29:08 AM
7/22/2023, 11:31:08 AM
7/22/2023, 11:33:08 AM
PING RECV: 7/22/2023, 11:33:56 AM
PING RECV: 7/22/2023, 11:33:56 AM
7/22/2023, 11:35:08 AM
7/22/2023, 11:37:08 AM
PING RECV: 7/22/2023, 11:38:56 AM
PING RECV: 7/22/2023, 11:38:56 AM
7/22/2023, 11:39:08 AM
7/22/2023, 11:41:08 AM
7/22/2023, 11:43:08 AM
PING RECV: 7/22/2023, 11:43:56 AM
PING RECV: 7/22/2023, 11:43:56 AM
7/22/2023, 11:45:08 AM
7/22/2023, 11:47:08 AM
PING RECV: 7/22/2023, 11:48:56 AM
PING RECV: 7/22/2023, 11:48:56 AM
7/22/2023, 11:49:08 AM
7/22/2023, 11:51:08 AM
7/22/2023, 11:53:08 AM
PING RECV: 7/22/2023, 11:53:56 AM
PING RECV: 7/22/2023, 11:53:56 AM
7/22/2023, 11:55:08 AM
7/22/2023, 11:57:08 AM
PING RECV: 7/22/2023, 11:58:56 AM
PING RECV: 7/22/2023, 11:58:56 AM
7/22/2023, 11:59:08 AM
7/22/2023, 12:01:08 PM
7/22/2023, 12:03:08 PM
PING RECV: 7/22/2023, 12:03:56 PM
PING RECV: 7/22/2023, 12:03:56 PM
7/22/2023, 12:05:08 PM
7/22/2023, 12:07:08 PM
PING RECV: 7/22/2023, 12:08:56 PM
PING RECV: 7/22/2023, 12:08:56 PM
7/22/2023, 12:09:08 PM
7/22/2023, 12:11:08 PM
7/22/2023, 12:13:08 PM
PING RECV: 7/22/2023, 12:13:56 PM
PING RECV: 7/22/2023, 12:13:56 PM
7/22/2023, 12:15:08 PM
7/22/2023, 12:17:08 PM
PING RECV: 7/22/2023, 12:18:56 PM
PING RECV: 7/22/2023, 12:18:56 PM
7/22/2023, 12:19:08 PM
7/22/2023, 12:21:08 PM
7/22/2023, 12:23:08 PM
PING RECV: 7/22/2023, 12:23:56 PM
PING RECV: 7/22/2023, 12:23:56 PM
7/22/2023, 12:26:21 PM
7/22/2023, 12:28:21 PM
PING RECV: 7/22/2023, 12:28:56 PM
PING RECV: 7/22/2023, 12:28:56 PM
7/22/2023, 12:30:21 PM
7/22/2023, 12:32:21 PM
PING RECV: 7/22/2023, 12:33:56 PM
PING RECV: 7/22/2023, 12:33:56 PM
7/22/2023, 12:34:21 PM
7/22/2023, 12:36:21 PM
7/22/2023, 12:38:21 PM
PING RECV: 7/22/2023, 12:38:56 PM
PING RECV: 7/22/2023, 12:38:56 PM
7/22/2023, 12:40:21 PM
7/22/2023, 12:42:21 PM
PING RECV: 7/22/2023, 12:43:56 PM
PING RECV: 7/22/2023, 12:43:56 PM
7/22/2023, 12:44:21 PM
7/22/2023, 12:46:21 PM
7/22/2023, 12:48:21 PM
PING RECV: 7/22/2023, 12:48:56 PM
PING RECV: 7/22/2023, 12:48:56 PM
7/22/2023, 12:50:21 PM
7/22/2023, 12:52:21 PM
PING RECV: 7/22/2023, 12:53:56 PM
PING RECV: 7/22/2023, 12:53:56 PM
7/22/2023, 12:54:21 PM
7/22/2023, 12:56:21 PM
PING RECV: 7/22/2023, 12:58:56 PM
PING RECV: 7/22/2023, 12:58:56 PM
7/22/2023, 12:59:18 PM
7/22/2023, 1:01:18 PM
7/22/2023, 1:03:18 PM
PING RECV: 7/22/2023, 1:03:56 PM
PING RECV: 7/22/2023, 1:03:56 PM
7/22/2023, 1:05:18 PM
7/22/2023, 1:08:45 PM
PING RECV: 7/22/2023, 1:08:56 PM
PING RECV: 7/22/2023, 1:08:56 PM
7/22/2023, 1:10:45 PM
7/22/2023, 1:12:45 PM
PING RECV: 7/22/2023, 1:13:56 PM
PING RECV: 7/22/2023, 1:13:56 PM
7/22/2023, 1:14:45 PM
7/22/2023, 1:16:45 PM
PING RECV: 7/22/2023, 1:18:56 PM
PING RECV: 7/22/2023, 1:18:56 PM
7/22/2023, 1:20:32 PM
7/22/2023, 1:22:32 PM
PING RECV: 7/22/2023, 1:23:56 PM
PING RECV: 7/22/2023, 1:23:56 PM
7/22/2023, 1:24:32 PM
7/22/2023, 1:26:32 PM
7/22/2023, 1:28:32 PM
PING RECV: 7/22/2023, 1:28:56 PM
PING RECV: 7/22/2023, 1:28:56 PM
7/22/2023, 1:30:32 PM
7/22/2023, 1:32:32 PM
PING RECV: 7/22/2023, 1:33:56 PM
PING RECV: 7/22/2023, 1:33:56 PM
7/22/2023, 1:34:32 PM
7/22/2023, 1:36:32 PM
7/22/2023, 1:38:32 PM
PING RECV: 7/22/2023, 1:38:56 PM
PING RECV: 7/22/2023, 1:38:56 PM
7/22/2023, 1:40:32 PM
7/22/2023, 1:42:32 PM
PING RECV: 7/22/2023, 1:43:56 PM
PING RECV: 7/22/2023, 1:43:56 PM
7/22/2023, 1:44:32 PM
7/22/2023, 1:46:32 PM
7/22/2023, 1:48:33 PM
PING RECV: 7/22/2023, 1:48:56 PM
PING RECV: 7/22/2023, 1:48:56 PM
7/22/2023, 1:50:33 PM
7/22/2023, 1:52:33 PM
PING RECV: 7/22/2023, 1:53:56 PM
PING RECV: 7/22/2023, 1:53:56 PM
7/22/2023, 1:54:33 PM
7/22/2023, 1:56:33 PM
7/22/2023, 1:58:33 PM
PING RECV: 7/22/2023, 1:58:56 PM
PING RECV: 7/22/2023, 1:58:56 PM
7/22/2023, 2:00:33 PM
7/22/2023, 2:02:33 PM
PING RECV: 7/22/2023, 2:03:56 PM
PING RECV: 7/22/2023, 2:03:56 PM
7/22/2023, 2:04:33 PM
7/22/2023, 2:06:33 PM
7/22/2023, 2:08:33 PM
PING RECV: 7/22/2023, 2:08:56 PM
PING RECV: 7/22/2023, 2:08:56 PM
7/22/2023, 2:10:33 PM
7/22/2023, 2:12:33 PM
PING RECV: 7/22/2023, 2:13:56 PM
PING RECV: 7/22/2023, 2:13:56 PM
7/22/2023, 2:14:33 PM
7/22/2023, 2:16:33 PM
7/22/2023, 2:18:33 PM
PING RECV: 7/22/2023, 2:18:56 PM
PING RECV: 7/22/2023, 2:18:56 PM
7/22/2023, 2:20:33 PM
7/22/2023, 2:22:33 PM
PING RECV: 7/22/2023, 2:23:56 PM
PING RECV: 7/22/2023, 2:23:56 PM
7/22/2023, 2:24:33 PM
7/22/2023, 2:26:33 PM
7/22/2023, 2:28:33 PM
PING RECV: 7/22/2023, 2:28:56 PM
PING RECV: 7/22/2023, 2:28:56 PM
7/22/2023, 2:30:33 PM
7/22/2023, 2:32:33 PM
PING RECV: 7/22/2023, 2:33:56 PM
PING RECV: 7/22/2023, 2:33:56 PM
7/22/2023, 2:34:33 PM
7/22/2023, 2:36:33 PM
7/22/2023, 2:38:33 PM
PING RECV: 7/22/2023, 2:38:56 PM
PING RECV: 7/22/2023, 2:38:56 PM
7/22/2023, 2:40:33 PM
7/22/2023, 2:42:33 PM
PING RECV: 7/22/2023, 2:43:56 PM
PING RECV: 7/22/2023, 2:43:56 PM
7/22/2023, 2:44:33 PM
7/22/2023, 2:46:33 PM
7/22/2023, 2:48:33 PM
PING RECV: 7/22/2023, 2:48:56 PM
PING RECV: 7/22/2023, 2:48:56 PM
7/22/2023, 2:50:33 PM
7/22/2023, 2:52:33 PM
PING RECV: 7/22/2023, 2:53:56 PM
PING RECV: 7/22/2023, 2:53:56 PM
7/22/2023, 2:54:33 PM
7/22/2023, 2:56:33 PM
7/22/2023, 2:58:33 PM
PING RECV: 7/22/2023, 2:58:56 PM
PING RECV: 7/22/2023, 2:58:56 PM
7/22/2023, 3:00:33 PM
7/22/2023, 3:02:34 PM
PING RECV: 7/22/2023, 3:09:00 PM
PING RECV: 7/22/2023, 3:09:26 PM
PING RECV: 7/22/2023, 3:11:18 PM
PING RECV: 7/22/2023, 3:13:56 PM
PING RECV: 7/22/2023, 3:14:26 PM
7/22/2023, 3:18:50 PM
PING RECV: 7/22/2023, 3:18:56 PM
PING RECV: 7/22/2023, 3:19:26 PM
7/22/2023, 3:20:50 PM
PING RECV: 7/22/2023, 3:23:56 PM
PING RECV: 7/22/2023, 3:24:26 PM
7/22/2023, 3:25:23 PM
PING RECV: 7/22/2023, 3:28:56 PM
7/22/2023, 3:29:26 PM
PING RECV: 7/22/2023, 3:29:26 PM
7/22/2023, 3:31:26 PM
7/22/2023, 3:33:26 PM
PING RECV: 7/22/2023, 3:33:56 PM
PING RECV: 7/22/2023, 3:34:26 PM
7/22/2023, 3:38:24 PM
PING RECV: 7/22/2023, 3:38:56 PM
PING RECV: 7/22/2023, 3:39:26 PM
7/22/2023, 3:40:24 PM
7/22/2023, 3:43:54 PM
PING RECV: 7/22/2023, 3:43:56 PM
PING RECV: 7/22/2023, 3:44:26 PM
7/22/2023, 3:45:54 PM
7/22/2023, 3:47:54 PM
PING RECV: 7/22/2023, 3:48:56 PM
PING RECV: 7/22/2023, 3:49:26 PM
7/22/2023, 3:49:54 PM
7/22/2023, 3:51:55 PM
7/22/2023, 3:53:55 PM
PING RECV: 7/22/2023, 3:53:56 PM
PING RECV: 7/22/2023, 3:54:26 PM
7/22/2023, 3:55:55 PM
7/22/2023, 3:57:55 PM
PING RECV: 7/22/2023, 3:58:56 PM
PING RECV: 7/22/2023, 3:59:26 PM
7/22/2023, 3:59:55 PM
7/22/2023, 4:01:55 PM
7/22/2023, 4:03:55 PM
PING RECV: 7/22/2023, 4:03:56 PM
PING RECV: 7/22/2023, 4:04:26 PM
7/22/2023, 4:05:55 PM
7/22/2023, 4:07:55 PM
PING RECV: 7/22/2023, 4:08:56 PM
PING RECV: 7/22/2023, 4:09:26 PM
7/22/2023, 4:09:55 PM
7/22/2023, 4:11:55 PM
7/22/2023, 4:13:55 PM
PING RECV: 7/22/2023, 4:13:56 PM
PING RECV: 7/22/2023, 4:14:26 PM
7/22/2023, 4:15:55 PM
7/22/2023, 4:17:55 PM
PING RECV: 7/22/2023, 4:18:56 PM
PING RECV: 7/22/2023, 4:19:26 PM
7/22/2023, 4:19:55 PM
7/22/2023, 4:21:55 PM
7/22/2023, 4:23:55 PM
PING RECV: 7/22/2023, 4:23:56 PM
PING RECV: 7/22/2023, 4:24:26 PM
7/22/2023, 4:25:55 PM
7/22/2023, 4:27:55 PM
PING RECV: 7/22/2023, 4:28:56 PM
PING RECV: 7/22/2023, 4:29:26 PM
7/22/2023, 4:29:55 PM
7/22/2023, 4:31:55 PM
7/22/2023, 4:33:55 PM
PING RECV: 7/22/2023, 4:33:56 PM
PING RECV: 7/22/2023, 4:34:26 PM
7/22/2023, 4:35:55 PM
7/22/2023, 4:37:55 PM
PING RECV: 7/22/2023, 4:38:56 PM
PING RECV: 7/22/2023, 4:39:26 PM
7/22/2023, 4:39:55 PM
7/22/2023, 4:41:55 PM
7/22/2023, 4:43:55 PM
PING RECV: 7/22/2023, 4:43:56 PM
PING RECV: 7/22/2023, 4:44:26 PM
7/22/2023, 4:45:55 PM
7/22/2023, 4:47:55 PM
PING RECV: 7/22/2023, 4:48:56 PM
PING RECV: 7/22/2023, 4:49:26 PM
7/22/2023, 4:50:33 PM
7/22/2023, 4:52:33 PM
PING RECV: 7/22/2023, 4:53:56 PM
PING RECV: 7/22/2023, 4:54:26 PM
7/22/2023, 4:54:33 PM
7/22/2023, 4:56:33 PM
7/22/2023, 4:58:33 PM
PING RECV: 7/22/2023, 4:58:56 PM
PING RECV: 7/22/2023, 4:59:26 PM
7/22/2023, 5:00:33 PM
7/22/2023, 5:02:33 PM
PING RECV: 7/22/2023, 5:03:56 PM
PING RECV: 7/22/2023, 5:04:26 PM
7/22/2023, 5:04:33 PM
7/22/2023, 5:06:34 PM
7/22/2023, 5:08:34 PM
PING RECV: 7/22/2023, 5:08:56 PM
PING RECV: 7/22/2023, 5:09:26 PM
7/22/2023, 5:10:34 PM
7/22/2023, 5:12:34 PM
PING RECV: 7/22/2023, 5:13:56 PM
PING RECV: 7/22/2023, 5:14:26 PM
7/22/2023, 5:14:34 PM
7/22/2023, 5:16:34 PM
7/22/2023, 5:18:34 PM
PING RECV: 7/22/2023, 5:18:56 PM
PING RECV: 7/22/2023, 5:19:26 PM
7/22/2023, 5:20:34 PM
7/22/2023, 5:22:34 PM
PING RECV: 7/22/2023, 5:23:56 PM
PING RECV: 7/22/2023, 5:24:26 PM
7/22/2023, 5:24:34 PM
7/22/2023, 5:26:34 PM
7/22/2023, 5:28:34 PM
PING RECV: 7/22/2023, 5:28:56 PM
PING RECV: 7/22/2023, 5:29:26 PM
7/22/2023, 5:30:34 PM
7/22/2023, 5:32:34 PM
PING RECV: 7/22/2023, 5:33:56 PM
PING RECV: 7/22/2023, 5:34:26 PM
7/22/2023, 5:34:34 PM
7/22/2023, 5:36:34 PM
7/22/2023, 5:38:34 PM
PING RECV: 7/22/2023, 5:38:56 PM
PING RECV: 7/22/2023, 5:39:26 PM
7/22/2023, 5:40:34 PM
7/22/2023, 5:42:34 PM
PING RECV: 7/22/2023, 5:43:56 PM
PING RECV: 7/22/2023, 5:44:26 PM
7/22/2023, 5:44:34 PM
7/22/2023, 5:46:34 PM
7/22/2023, 5:48:34 PM
PING RECV: 7/22/2023, 5:48:56 PM
PING RECV: 7/22/2023, 5:49:26 PM
7/22/2023, 5:50:34 PM
7/22/2023, 5:52:34 PM
PING RECV: 7/22/2023, 5:53:56 PM
PING RECV: 7/22/2023, 5:54:26 PM
7/22/2023, 5:54:34 PM
7/22/2023, 5:56:34 PM
7/22/2023, 5:58:34 PM
PING RECV: 7/22/2023, 5:58:56 PM
PING RECV: 7/22/2023, 5:59:26 PM
7/22/2023, 6:00:34 PM
7/22/2023, 6:02:34 PM
PING RECV: 7/22/2023, 6:03:56 PM
PING RECV: 7/22/2023, 6:04:26 PM
7/22/2023, 6:04:34 PM
7/22/2023, 6:06:34 PM
7/22/2023, 6:08:34 PM
PING RECV: 7/22/2023, 6:09:32 PM
7/22/2023, 6:11:42 PM
7/22/2023, 6:13:42 PM
PING RECV: 7/22/2023, 6:13:56 PM
PING RECV: 7/22/2023, 6:14:26 PM
7/22/2023, 6:15:42 PM
7/22/2023, 6:17:42 PM
PING RECV: 7/22/2023, 6:18:56 PM
PING RECV: 7/22/2023, 6:19:26 PM
7/22/2023, 6:19:42 PM
7/22/2023, 6:21:42 PM
7/22/2023, 6:23:42 PM
PING RECV: 7/22/2023, 6:23:56 PM
PING RECV: 7/22/2023, 6:24:26 PM
7/22/2023, 6:25:42 PM
7/22/2023, 6:27:42 PM
PING RECV: 7/22/2023, 6:28:56 PM
PING RECV: 7/22/2023, 6:29:26 PM
7/22/2023, 6:29:42 PM
7/22/2023, 6:31:42 PM
7/22/2023, 6:33:42 PM
PING RECV: 7/22/2023, 6:33:56 PM
PING RECV: 7/22/2023, 6:34:26 PM
7/22/2023, 6:35:42 PM
7/22/2023, 6:37:42 PM
PING RECV: 7/22/2023, 6:38:56 PM
PING RECV: 7/22/2023, 6:39:26 PM
7/22/2023, 6:39:42 PM
7/22/2023, 6:41:42 PM
7/22/2023, 6:43:42 PM
PING RECV: 7/22/2023, 6:43:56 PM
PING RECV: 7/22/2023, 6:44:26 PM
7/22/2023, 6:45:42 PM
7/22/2023, 6:47:42 PM
PING RECV: 7/22/2023, 6:48:56 PM
PING RECV: 7/22/2023, 6:49:26 PM
7/22/2023, 6:49:42 PM
7/22/2023, 6:51:42 PM
7/22/2023, 6:53:42 PM
PING RECV: 7/22/2023, 6:53:56 PM
PING RECV: 7/22/2023, 6:54:26 PM
7/22/2023, 6:55:42 PM
7/22/2023, 6:57:42 PM
PING RECV: 7/22/2023, 6:58:56 PM
PING RECV: 7/22/2023, 6:59:26 PM
7/22/2023, 6:59:42 PM
7/22/2023, 7:01:42 PM
7/22/2023, 7:03:42 PM
PING RECV: 7/22/2023, 7:03:56 PM
PING RECV: 7/22/2023, 7:04:26 PM
7/22/2023, 7:05:42 PM
7/22/2023, 7:07:42 PM
PING RECV: 7/22/2023, 7:08:56 PM
PING RECV: 7/22/2023, 7:25:26 PM
7/22/2023, 7:26:46 PM
7/22/2023, 7:28:46 PM
PING RECV: 7/22/2023, 7:28:56 PM
PING RECV: 7/22/2023, 7:30:26 PM
7/22/2023, 7:30:46 PM
7/22/2023, 7:32:46 PM
PING RECV: 7/22/2023, 7:33:56 PM
7/22/2023, 7:34:46 PM
PING RECV: 7/22/2023, 7:35:26 PM
7/22/2023, 7:36:46 PM
7/22/2023, 7:38:46 PM
PING RECV: 7/22/2023, 7:38:56 PM
PING RECV: 7/22/2023, 7:40:26 PM
7/22/2023, 7:40:46 PM
7/22/2023, 7:42:46 PM
PING RECV: 7/22/2023, 7:43:56 PM
7/22/2023, 7:44:46 PM
PING RECV: 7/22/2023, 7:45:26 PM
7/22/2023, 7:46:46 PM
7/22/2023, 7:48:46 PM
PING RECV: 7/22/2023, 7:48:56 PM
PING RECV: 7/22/2023, 7:50:26 PM
7/22/2023, 7:50:46 PM
7/22/2023, 7:52:46 PM
PING RECV: 7/22/2023, 7:53:56 PM
7/22/2023, 7:54:46 PM
PING RECV: 7/22/2023, 7:55:26 PM
7/22/2023, 7:56:46 PM
7/22/2023, 7:58:46 PM
PING RECV: 7/22/2023, 7:58:56 PM
PING RECV: 7/22/2023, 8:00:26 PM
7/22/2023, 8:00:46 PM
7/22/2023, 8:02:47 PM
PING RECV: 7/22/2023, 8:03:56 PM
7/22/2023, 8:04:47 PM
PING RECV: 7/22/2023, 8:05:26 PM
7/22/2023, 8:06:47 PM
7/22/2023, 8:08:47 PM
PING RECV: 7/22/2023, 8:08:56 PM
PING RECV: 7/22/2023, 8:10:26 PM
7/22/2023, 8:10:47 PM
7/22/2023, 8:12:47 PM
PING RECV: 7/22/2023, 8:13:56 PM
7/22/2023, 8:14:47 PM
PING RECV: 7/22/2023, 8:15:26 PM
7/22/2023, 8:16:47 PM
7/22/2023, 8:18:47 PM
PING RECV: 7/22/2023, 8:18:56 PM
PING RECV: 7/22/2023, 8:20:26 PM
7/22/2023, 8:20:47 PM
7/22/2023, 8:22:47 PM
PING RECV: 7/22/2023, 8:23:56 PM
7/22/2023, 8:24:47 PM
PING RECV: 7/22/2023, 8:25:26 PM
7/22/2023, 8:26:47 PM
7/22/2023, 8:28:47 PM
PING RECV: 7/22/2023, 8:28:56 PM
PING RECV: 7/22/2023, 8:30:26 PM
7/22/2023, 8:30:47 PM
7/22/2023, 8:32:47 PM
PING RECV: 7/22/2023, 8:33:56 PM
7/22/2023, 8:34:47 PM
PING RECV: 7/22/2023, 8:35:26 PM
7/22/2023, 8:36:47 PM
7/22/2023, 8:38:47 PM
PING RECV: 7/22/2023, 8:38:57 PM
PING RECV: 7/22/2023, 8:40:26 PM
7/22/2023, 8:40:47 PM
7/22/2023, 8:42:47 PM
PING RECV: 7/22/2023, 8:43:56 PM
7/22/2023, 8:44:47 PM
PING RECV: 7/22/2023, 8:45:26 PM
7/22/2023, 8:46:47 PM
7/22/2023, 8:48:47 PM
PING RECV: 7/22/2023, 8:48:56 PM
PING RECV: 7/22/2023, 8:50:26 PM
7/22/2023, 8:50:47 PM
7/22/2023, 8:52:47 PM
PING RECV: 7/22/2023, 8:53:56 PM
7/22/2023, 8:54:47 PM
PING RECV: 7/22/2023, 8:55:26 PM
7/22/2023, 8:56:47 PM
7/22/2023, 8:58:47 PM
PING RECV: 7/22/2023, 8:58:56 PM
PING RECV: 7/22/2023, 9:00:26 PM
7/22/2023, 9:00:47 PM
7/22/2023, 9:02:47 PM
PING RECV: 7/22/2023, 9:03:56 PM
7/22/2023, 9:04:47 PM
PING RECV: 7/22/2023, 9:05:26 PM
7/22/2023, 9:06:47 PM
7/22/2023, 9:08:47 PM
PING RECV: 7/22/2023, 9:08:56 PM
PING RECV: 7/22/2023, 9:10:26 PM
7/22/2023, 9:10:47 PM
7/22/2023, 9:12:47 PM
PING RECV: 7/22/2023, 9:13:56 PM
7/22/2023, 9:14:47 PM
PING RECV: 7/22/2023, 9:15:26 PM
7/22/2023, 9:16:47 PM
7/22/2023, 9:18:47 PM
PING RECV: 7/22/2023, 9:18:56 PM
PING RECV: 7/22/2023, 9:20:26 PM
7/22/2023, 9:20:47 PM
7/22/2023, 9:22:47 PM
PING RECV: 7/22/2023, 9:23:56 PM
7/22/2023, 9:24:47 PM
PING RECV: 7/22/2023, 9:25:26 PM
7/22/2023, 9:26:47 PM
7/22/2023, 9:28:47 PM
PING RECV: 7/22/2023, 9:28:56 PM
PING RECV: 7/22/2023, 9:30:26 PM
7/22/2023, 9:30:47 PM
7/22/2023, 9:32:47 PM
PING RECV: 7/22/2023, 9:33:56 PM
7/22/2023, 9:34:47 PM
PING RECV: 7/22/2023, 9:35:26 PM
7/22/2023, 9:36:47 PM
7/22/2023, 9:38:48 PM
PING RECV: 7/22/2023, 9:38:56 PM
PING RECV: 7/22/2023, 9:40:26 PM
7/22/2023, 9:40:48 PM
7/22/2023, 9:42:48 PM
PING RECV: 7/22/2023, 9:43:56 PM
7/22/2023, 9:44:48 PM
PING RECV: 7/22/2023, 9:45:26 PM
7/22/2023, 9:46:48 PM
7/22/2023, 9:48:48 PM
PING RECV: 7/22/2023, 9:48:56 PM
PING RECV: 7/22/2023, 9:50:26 PM
7/22/2023, 9:50:48 PM
7/22/2023, 9:52:48 PM
PING RECV: 7/22/2023, 9:53:56 PM
7/22/2023, 9:54:48 PM
PING RECV: 7/22/2023, 9:55:26 PM
7/22/2023, 9:56:48 PM
7/22/2023, 9:58:48 PM
PING RECV: 7/22/2023, 9:58:56 PM
PING RECV: 7/22/2023, 10:00:26 PM
7/22/2023, 10:00:48 PM
7/22/2023, 10:02:48 PM
PING RECV: 7/22/2023, 10:03:56 PM
7/22/2023, 10:04:48 PM
PING RECV: 7/22/2023, 10:05:26 PM
7/22/2023, 10:06:48 PM
7/22/2023, 10:08:48 PM
PING RECV: 7/22/2023, 10:08:56 PM
PING RECV: 7/22/2023, 10:10:26 PM
7/22/2023, 10:10:48 PM
7/22/2023, 10:12:48 PM
PING RECV: 7/22/2023, 10:13:56 PM
7/22/2023, 10:14:48 PM
PING RECV: 7/22/2023, 10:15:26 PM
7/22/2023, 10:16:48 PM
7/22/2023, 10:18:48 PM
PING RECV: 7/22/2023, 10:18:56 PM
PING RECV: 7/22/2023, 10:20:26 PM
7/22/2023, 10:20:48 PM
7/22/2023, 10:22:48 PM
PING RECV: 7/22/2023, 10:23:56 PM
7/22/2023, 10:24:48 PM
PING RECV: 7/22/2023, 10:25:26 PM
7/22/2023, 10:26:48 PM
7/22/2023, 10:28:48 PM
PING RECV: 7/22/2023, 10:28:56 PM
PING RECV: 7/22/2023, 10:30:26 PM
7/22/2023, 10:30:48 PM
7/22/2023, 10:32:48 PM
PING RECV: 7/22/2023, 10:33:56 PM
7/22/2023, 10:34:48 PM
PING RECV: 7/22/2023, 10:35:26 PM
7/22/2023, 10:36:48 PM
7/22/2023, 10:38:48 PM
PING RECV: 7/22/2023, 10:38:56 PM
PING RECV: 7/22/2023, 10:40:26 PM
7/22/2023, 10:40:48 PM
7/22/2023, 10:42:48 PM
PING RECV: 7/22/2023, 10:43:56 PM
7/22/2023, 10:44:48 PM
PING RECV: 7/22/2023, 10:45:26 PM
7/22/2023, 10:46:48 PM
7/22/2023, 10:48:48 PM
PING RECV: 7/22/2023, 10:48:56 PM
PING RECV: 7/22/2023, 10:50:26 PM
7/22/2023, 10:50:48 PM
7/22/2023, 10:52:48 PM
PING RECV: 7/22/2023, 10:53:56 PM
7/22/2023, 10:54:48 PM
PING RECV: 7/22/2023, 10:55:26 PM
7/22/2023, 10:56:48 PM
7/22/2023, 10:58:48 PM
PING RECV: 7/22/2023, 10:58:56 PM
PING RECV: 7/22/2023, 11:00:26 PM
7/22/2023, 11:00:48 PM
PING RECV: 7/22/2023, 11:03:56 PM
7/22/2023, 11:04:05 PM
PING RECV: 7/22/2023, 11:05:26 PM
7/22/2023, 11:06:05 PM
7/22/2023, 11:08:05 PM
PING RECV: 7/22/2023, 11:08:56 PM
7/22/2023, 11:10:05 PM
PING RECV: 7/22/2023, 11:10:26 PM
7/22/2023, 11:12:05 PM
PING RECV: 7/22/2023, 11:13:56 PM
7/22/2023, 11:14:05 PM
PING RECV: 7/22/2023, 11:15:26 PM
7/22/2023, 11:16:05 PM
7/22/2023, 11:18:05 PM
PING RECV: 7/22/2023, 11:18:56 PM
7/22/2023, 11:20:05 PM
PING RECV: 7/22/2023, 11:20:26 PM
7/22/2023, 11:22:05 PM
PING RECV: 7/22/2023, 11:23:56 PM
7/22/2023, 11:24:05 PM
PING RECV: 7/22/2023, 11:25:26 PM
7/22/2023, 11:26:05 PM
7/22/2023, 11:28:05 PM
PING RECV: 7/22/2023, 11:28:56 PM
7/22/2023, 11:30:05 PM
PING RECV: 7/22/2023, 11:30:26 PM
7/22/2023, 11:32:06 PM
PING RECV: 7/22/2023, 11:33:56 PM
7/22/2023, 11:34:06 PM
PING RECV: 7/22/2023, 11:35:26 PM
7/22/2023, 11:36:06 PM
7/22/2023, 11:38:06 PM
PING RECV: 7/22/2023, 11:38:56 PM
7/22/2023, 11:40:06 PM
PING RECV: 7/22/2023, 11:40:26 PM
7/22/2023, 11:42:06 PM
PING RECV: 7/22/2023, 11:43:56 PM
7/22/2023, 11:44:06 PM
PING RECV: 7/22/2023, 11:45:26 PM
7/22/2023, 11:46:06 PM
7/22/2023, 11:48:06 PM
PING RECV: 7/22/2023, 11:48:56 PM
7/22/2023, 11:50:06 PM
PING RECV: 7/22/2023, 11:50:26 PM
7/22/2023, 11:52:06 PM
PING RECV: 7/22/2023, 11:53:56 PM
7/22/2023, 11:54:06 PM
PING RECV: 7/22/2023, 11:55:26 PM
7/22/2023, 11:56:06 PM
7/22/2023, 11:58:06 PM
PING RECV: 7/22/2023, 11:58:56 PM
7/23/2023, 12:00:06 AM
PING RECV: 7/23/2023, 12:00:26 AM
7/23/2023, 12:02:06 AM
PING RECV: 7/23/2023, 12:03:56 AM
7/23/2023, 12:04:06 AM
PING RECV: 7/23/2023, 12:05:26 AM
7/23/2023, 12:06:06 AM
7/23/2023, 12:08:06 AM
PING RECV: 7/23/2023, 12:08:56 AM
7/23/2023, 12:10:06 AM
PING RECV: 7/23/2023, 12:10:26 AM
7/23/2023, 12:12:06 AM
PING RECV: 7/23/2023, 12:13:56 AM
7/23/2023, 12:14:06 AM
PING RECV: 7/23/2023, 12:15:26 AM
7/23/2023, 12:16:06 AM
7/23/2023, 12:18:06 AM
PING RECV: 7/23/2023, 12:18:56 AM
7/23/2023, 12:20:06 AM
PING RECV: 7/23/2023, 12:20:26 AM
7/23/2023, 12:22:06 AM
PING RECV: 7/23/2023, 12:23:56 AM
7/23/2023, 12:24:06 AM
PING RECV: 7/23/2023, 12:25:26 AM
7/23/2023, 12:26:06 AM
7/23/2023, 12:28:06 AM
PING RECV: 7/23/2023, 12:28:56 AM
7/23/2023, 12:30:06 AM
PING RECV: 7/23/2023, 12:30:26 AM
7/23/2023, 12:32:06 AM
PING RECV: 7/23/2023, 12:33:56 AM
7/23/2023, 12:34:06 AM
PING RECV: 7/23/2023, 12:35:26 AM
7/23/2023, 12:36:06 AM
7/23/2023, 12:38:06 AM
PING RECV: 7/23/2023, 12:38:56 AM
7/23/2023, 12:40:06 AM
PING RECV: 7/23/2023, 12:40:26 AM
7/23/2023, 12:42:06 AM
PING RECV: 7/23/2023, 12:43:56 AM
7/23/2023, 12:44:06 AM
PING RECV: 7/23/2023, 12:45:26 AM
7/23/2023, 12:46:06 AM
7/23/2023, 12:48:06 AM
PING RECV: 7/23/2023, 12:48:56 AM
7/23/2023, 12:50:06 AM
PING RECV: 7/23/2023, 12:50:26 AM
7/23/2023, 12:52:06 AM
PING RECV: 7/23/2023, 12:53:56 AM
7/23/2023, 12:54:06 AM
PING RECV: 7/23/2023, 12:55:26 AM
7/23/2023, 12:56:06 AM
7/23/2023, 12:58:06 AM
PING RECV: 7/23/2023, 12:58:56 AM
7/23/2023, 1:00:07 AM
PING RECV: 7/23/2023, 1:00:26 AM
7/23/2023, 1:02:07 AM
PING RECV: 7/23/2023, 1:03:56 AM
7/23/2023, 1:04:07 AM
PING RECV: 7/23/2023, 1:05:26 AM
7/23/2023, 1:06:07 AM
7/23/2023, 1:08:07 AM
PING RECV: 7/23/2023, 1:08:56 AM
7/23/2023, 1:10:07 AM
PING RECV: 7/23/2023, 1:10:26 AM
7/23/2023, 1:12:07 AM
PING RECV: 7/23/2023, 1:13:56 AM
7/23/2023, 1:14:07 AM
PING RECV: 7/23/2023, 1:15:26 AM
7/23/2023, 1:16:07 AM
7/23/2023, 1:18:07 AM
PING RECV: 7/23/2023, 1:18:56 AM
7/23/2023, 1:20:07 AM
PING RECV: 7/23/2023, 1:20:26 AM
7/23/2023, 1:22:07 AM
PING RECV: 7/23/2023, 1:33:56 AM
7/23/2023, 1:33:58 AM
7/23/2023, 1:35:58 AM
PING RECV: 7/23/2023, 1:37:19 AM
7/23/2023, 1:37:58 AM
PING RECV: 7/23/2023, 1:38:56 AM
7/23/2023, 1:39:58 AM
7/23/2023, 1:41:58 AM
PING RECV: 7/23/2023, 1:42:19 AM
PING RECV: 7/23/2023, 1:43:56 AM
7/23/2023, 1:43:58 AM
7/23/2023, 1:45:58 AM
PING RECV: 7/23/2023, 1:47:19 AM
7/23/2023, 1:47:58 AM
PING RECV: 7/23/2023, 1:48:56 AM
7/23/2023, 1:49:58 AM
7/23/2023, 1:51:58 AM
PING RECV: 7/23/2023, 1:52:19 AM
PING RECV: 7/23/2023, 1:53:56 AM
7/23/2023, 1:53:58 AM
7/23/2023, 1:55:58 AM
PING RECV: 7/23/2023, 1:57:19 AM
7/23/2023, 1:57:58 AM
PING RECV: 7/23/2023, 1:58:56 AM
7/23/2023, 1:59:59 AM
7/23/2023, 2:01:59 AM
PING RECV: 7/23/2023, 2:02:19 AM
PING RECV: 7/23/2023, 2:03:56 AM
7/23/2023, 2:03:59 AM
7/23/2023, 2:05:59 AM
PING RECV: 7/23/2023, 2:07:19 AM
7/23/2023, 2:07:59 AM
PING RECV: 7/23/2023, 2:08:56 AM
7/23/2023, 2:09:59 AM
7/23/2023, 2:11:59 AM
PING RECV: 7/23/2023, 2:12:19 AM
PING RECV: 7/23/2023, 2:13:56 AM
7/23/2023, 2:13:59 AM
7/23/2023, 2:15:59 AM
PING RECV: 7/23/2023, 2:17:19 AM
7/23/2023, 2:17:59 AM
PING RECV: 7/23/2023, 2:18:56 AM
7/23/2023, 2:19:59 AM
7/23/2023, 2:21:59 AM
PING RECV: 7/23/2023, 2:22:19 AM
PING RECV: 7/23/2023, 2:23:56 AM
7/23/2023, 2:23:59 AM
7/23/2023, 2:25:59 AM
PING RECV: 7/23/2023, 2:27:19 AM
7/23/2023, 2:27:59 AM
PING RECV: 7/23/2023, 2:28:56 AM
7/23/2023, 2:29:59 AM
7/23/2023, 2:31:59 AM
PING RECV: 7/23/2023, 2:32:19 AM
PING RECV: 7/23/2023, 2:33:56 AM
7/23/2023, 2:33:59 AM
7/23/2023, 2:35:59 AM
PING RECV: 7/23/2023, 2:37:19 AM
7/23/2023, 2:37:59 AM
PING RECV: 7/23/2023, 2:38:56 AM
7/23/2023, 2:39:59 AM
7/23/2023, 2:41:59 AM
PING RECV: 7/23/2023, 2:42:19 AM
PING RECV: 7/23/2023, 2:43:56 AM
7/23/2023, 2:43:59 AM
7/23/2023, 2:45:59 AM
PING RECV: 7/23/2023, 2:47:19 AM
7/23/2023, 2:47:59 AM
PING RECV: 7/23/2023, 2:48:56 AM
7/23/2023, 2:49:59 AM
7/23/2023, 2:51:59 AM
PING RECV: 7/23/2023, 2:52:19 AM
PING RECV: 7/23/2023, 2:53:56 AM
7/23/2023, 2:53:59 AM
7/23/2023, 2:55:59 AM
PING RECV: 7/23/2023, 2:57:19 AM
7/23/2023, 2:57:59 AM
PING RECV: 7/23/2023, 2:58:56 AM
7/23/2023, 2:59:59 AM
7/23/2023, 3:01:59 AM
PING RECV: 7/23/2023, 3:02:19 AM
PING RECV: 7/23/2023, 3:03:56 AM
7/23/2023, 3:03:59 AM
7/23/2023, 3:05:59 AM
PING RECV: 7/23/2023, 3:07:19 AM
7/23/2023, 3:07:59 AM
PING RECV: 7/23/2023, 3:08:56 AM
7/23/2023, 3:09:59 AM
7/23/2023, 3:11:59 AM
PING RECV: 7/23/2023, 3:12:19 AM
PING RECV: 7/23/2023, 3:13:56 AM
7/23/2023, 3:13:59 AM
7/23/2023, 3:15:59 AM
PING RECV: 7/23/2023, 3:17:19 AM
7/23/2023, 3:17:59 AM
PING RECV: 7/23/2023, 3:18:56 AM
7/23/2023, 3:19:59 AM
7/23/2023, 3:21:59 AM
PING RECV: 7/23/2023, 3:22:19 AM
PING RECV: 7/23/2023, 3:23:56 AM
7/23/2023, 3:23:59 AM
7/23/2023, 3:25:59 AM
PING RECV: 7/23/2023, 3:27:19 AM
7/23/2023, 3:27:59 AM
PING RECV: 7/23/2023, 3:28:56 AM
7/23/2023, 3:29:59 AM
7/23/2023, 3:31:59 AM
PING RECV: 7/23/2023, 3:32:19 AM
PING RECV: 7/23/2023, 3:33:56 AM
7/23/2023, 3:34:00 AM
7/23/2023, 3:36:00 AM
PING RECV: 7/23/2023, 3:37:19 AM
7/23/2023, 3:38:00 AM
PING RECV: 7/23/2023, 3:38:56 AM
7/23/2023, 3:40:00 AM
7/23/2023, 3:42:00 AM
PING RECV: 7/23/2023, 3:42:19 AM
PING RECV: 7/23/2023, 3:43:56 AM
7/23/2023, 3:44:00 AM
7/23/2023, 3:46:00 AM
PING RECV: 7/23/2023, 3:47:19 AM
7/23/2023, 3:48:00 AM
PING RECV: 7/23/2023, 3:48:56 AM
7/23/2023, 3:50:00 AM
7/23/2023, 3:52:00 AM
PING RECV: 7/23/2023, 3:52:19 AM
PING RECV: 7/23/2023, 3:53:56 AM
7/23/2023, 3:54:00 AM
7/23/2023, 3:56:00 AM
PING RECV: 7/23/2023, 3:57:19 AM
7/23/2023, 3:58:00 AM
PING RECV: 7/23/2023, 3:58:56 AM
7/23/2023, 4:00:00 AM
7/23/2023, 4:02:00 AM
PING RECV: 7/23/2023, 4:02:19 AM
PING RECV: 7/23/2023, 4:03:56 AM
7/23/2023, 4:04:00 AM
7/23/2023, 4:06:00 AM
PING RECV: 7/23/2023, 4:07:19 AM
7/23/2023, 4:08:00 AM
PING RECV: 7/23/2023, 4:08:56 AM
7/23/2023, 4:10:00 AM
7/23/2023, 4:12:00 AM
PING RECV: 7/23/2023, 4:12:19 AM
PING RECV: 7/23/2023, 4:13:56 AM
7/23/2023, 4:14:00 AM
7/23/2023, 4:16:00 AM
PING RECV: 7/23/2023, 4:17:19 AM
7/23/2023, 4:18:00 AM
PING RECV: 7/23/2023, 4:18:56 AM
7/23/2023, 4:20:00 AM
7/23/2023, 4:22:00 AM
PING RECV: 7/23/2023, 4:22:19 AM
PING RECV: 7/23/2023, 4:23:56 AM
7/23/2023, 4:24:00 AM
7/23/2023, 4:26:00 AM
PING RECV: 7/23/2023, 4:27:19 AM
7/23/2023, 4:28:00 AM
PING RECV: 7/23/2023, 4:28:56 AM
7/23/2023, 4:30:00 AM
7/23/2023, 4:32:00 AM
PING RECV: 7/23/2023, 4:32:19 AM
PING RECV: 7/23/2023, 4:33:56 AM
7/23/2023, 4:34:00 AM
7/23/2023, 4:36:00 AM
PING RECV: 7/23/2023, 4:37:19 AM
7/23/2023, 4:38:00 AM
PING RECV: 7/23/2023, 4:38:56 AM
7/23/2023, 4:40:00 AM
7/23/2023, 4:42:00 AM
PING RECV: 7/23/2023, 4:42:19 AM
PING RECV: 7/23/2023, 4:43:56 AM
7/23/2023, 4:44:00 AM
7/23/2023, 4:46:00 AM
PING RECV: 7/23/2023, 4:47:19 AM
7/23/2023, 4:48:00 AM
PING RECV: 7/23/2023, 4:48:56 AM
7/23/2023, 4:50:00 AM
7/23/2023, 4:52:00 AM
PING RECV: 7/23/2023, 4:52:19 AM
PING RECV: 7/23/2023, 4:53:56 AM
7/23/2023, 4:54:00 AM
7/23/2023, 4:56:00 AM
PING RECV: 7/23/2023, 4:57:19 AM
7/23/2023, 4:58:00 AM
PING RECV: 7/23/2023, 4:58:56 AM
7/23/2023, 5:00:00 AM
7/23/2023, 5:02:00 AM
PING RECV: 7/23/2023, 5:02:19 AM
PING RECV: 7/23/2023, 5:03:56 AM
7/23/2023, 5:04:00 AM
7/23/2023, 5:06:00 AM
PING RECV: 7/23/2023, 5:07:19 AM
7/23/2023, 5:08:00 AM
PING RECV: 7/23/2023, 5:08:56 AM
7/23/2023, 5:10:00 AM
7/23/2023, 5:12:00 AM
PING RECV: 7/23/2023, 5:12:19 AM
PING RECV: 7/23/2023, 5:13:56 AM
7/23/2023, 5:14:00 AM
7/23/2023, 5:16:01 AM
PING RECV: 7/23/2023, 5:17:19 AM
7/23/2023, 5:18:01 AM
PING RECV: 7/23/2023, 5:18:56 AM
7/23/2023, 5:20:01 AM
7/23/2023, 5:22:01 AM
PING RECV: 7/23/2023, 5:22:19 AM
PING RECV: 7/23/2023, 5:23:56 AM
7/23/2023, 5:24:01 AM
7/23/2023, 5:26:01 AM
PING RECV: 7/23/2023, 5:27:19 AM
7/23/2023, 5:28:01 AM
PING RECV: 7/23/2023, 5:28:56 AM
7/23/2023, 5:30:01 AM
7/23/2023, 5:32:01 AM
PING RECV: 7/23/2023, 5:32:19 AM
PING RECV: 7/23/2023, 5:33:56 AM
7/23/2023, 5:34:01 AM
7/23/2023, 5:36:01 AM
PING RECV: 7/23/2023, 5:37:19 AM
7/23/2023, 5:38:01 AM
PING RECV: 7/23/2023, 5:38:56 AM
7/23/2023, 5:40:01 AM
7/23/2023, 5:42:01 AM
PING RECV: 7/23/2023, 5:42:19 AM
PING RECV: 7/23/2023, 5:43:56 AM
7/23/2023, 5:44:01 AM
7/23/2023, 5:46:01 AM
PING RECV: 7/23/2023, 5:47:19 AM
7/23/2023, 5:48:01 AM
PING RECV: 7/23/2023, 5:48:56 AM
7/23/2023, 5:50:01 AM
7/23/2023, 5:52:01 AM
PING RECV: 7/23/2023, 5:52:19 AM
PING RECV: 7/23/2023, 5:53:56 AM
7/23/2023, 5:54:01 AM
7/23/2023, 5:56:01 AM
PING RECV: 7/23/2023, 5:57:19 AM
7/23/2023, 5:58:01 AM
PING RECV: 7/23/2023, 5:58:56 AM
7/23/2023, 6:00:01 AM
7/23/2023, 6:02:01 AM
PING RECV: 7/23/2023, 6:02:19 AM
PING RECV: 7/23/2023, 6:03:56 AM
7/23/2023, 6:04:01 AM
7/23/2023, 6:06:01 AM
PING RECV: 7/23/2023, 6:07:19 AM
7/23/2023, 6:08:01 AM
PING RECV: 7/23/2023, 6:08:56 AM
7/23/2023, 6:10:01 AM
7/23/2023, 6:12:01 AM
PING RECV: 7/23/2023, 6:12:19 AM
PING RECV: 7/23/2023, 6:13:56 AM
7/23/2023, 6:14:01 AM
7/23/2023, 6:16:01 AM
PING RECV: 7/23/2023, 6:17:19 AM
7/23/2023, 6:18:01 AM
PING RECV: 7/23/2023, 6:18:56 AM
7/23/2023, 6:20:01 AM
7/23/2023, 6:22:01 AM
PING RECV: 7/23/2023, 6:22:19 AM
PING RECV: 7/23/2023, 6:23:56 AM
7/23/2023, 6:24:01 AM
7/23/2023, 6:26:01 AM
PING RECV: 7/23/2023, 6:27:19 AM
7/23/2023, 6:28:01 AM
PING RECV: 7/23/2023, 6:28:56 AM
7/23/2023, 6:30:01 AM
7/23/2023, 6:32:01 AM
PING RECV: 7/23/2023, 6:32:19 AM
PING RECV: 7/23/2023, 6:33:56 AM
7/23/2023, 6:34:01 AM
7/23/2023, 6:36:01 AM
PING RECV: 7/23/2023, 6:37:19 AM
7/23/2023, 6:38:01 AM
PING RECV: 7/23/2023, 6:38:56 AM
7/23/2023, 6:40:01 AM
7/23/2023, 6:42:01 AM
PING RECV: 7/23/2023, 6:42:19 AM
PING RECV: 7/23/2023, 6:43:56 AM
7/23/2023, 6:44:01 AM
7/23/2023, 6:46:01 AM
PING RECV: 7/23/2023, 6:47:19 AM
7/23/2023, 6:48:01 AM
PING RECV: 7/23/2023, 6:48:56 AM
7/23/2023, 6:50:01 AM
7/23/2023, 6:52:01 AM
PING RECV: 7/23/2023, 6:52:19 AM
PING RECV: 7/23/2023, 6:53:56 AM
7/23/2023, 6:54:01 AM
7/23/2023, 6:56:01 AM
PING RECV: 7/23/2023, 6:57:19 AM
7/23/2023, 6:58:01 AM
PING RECV: 7/23/2023, 6:58:56 AM
7/23/2023, 7:00:01 AM
7/23/2023, 7:02:01 AM
PING RECV: 7/23/2023, 7:02:19 AM
PING RECV: 7/23/2023, 7:03:56 AM
7/23/2023, 7:04:01 AM
7/23/2023, 7:06:01 AM
PING RECV: 7/23/2023, 7:07:19 AM
7/23/2023, 7:08:01 AM
PING RECV: 7/23/2023, 7:08:56 AM
7/23/2023, 7:10:01 AM
7/23/2023, 7:12:01 AM
PING RECV: 7/23/2023, 7:12:19 AM
PING RECV: 7/23/2023, 7:13:56 AM
7/23/2023, 7:14:01 AM
7/23/2023, 7:16:01 AM
PING RECV: 7/23/2023, 7:17:19 AM
7/23/2023, 7:18:02 AM
PING RECV: 7/23/2023, 7:18:56 AM
7/23/2023, 7:20:02 AM
7/23/2023, 7:22:02 AM
PING RECV: 7/23/2023, 7:22:19 AM
PING RECV: 7/23/2023, 7:23:56 AM
7/23/2023, 7:24:02 AM
7/23/2023, 7:26:02 AM
PING RECV: 7/23/2023, 7:27:19 AM
7/23/2023, 7:28:02 AM
PING RECV: 7/23/2023, 7:28:56 AM
7/23/2023, 7:30:02 AM
7/23/2023, 7:32:02 AM
PING RECV: 7/23/2023, 7:32:19 AM
PING RECV: 7/23/2023, 7:33:56 AM
7/23/2023, 7:34:02 AM
7/23/2023, 7:36:02 AM
PING RECV: 7/23/2023, 7:37:19 AM
7/23/2023, 7:38:02 AM
PING RECV: 7/23/2023, 7:38:56 AM
7/23/2023, 7:40:02 AM
7/23/2023, 7:42:02 AM
PING RECV: 7/23/2023, 7:42:19 AM
PING RECV: 7/23/2023, 7:43:56 AM
7/23/2023, 7:44:02 AM
7/23/2023, 7:46:02 AM
PING RECV: 7/23/2023, 7:47:19 AM
7/23/2023, 7:48:02 AM
PING RECV: 7/23/2023, 7:48:56 AM
7/23/2023, 7:50:02 AM
7/23/2023, 7:52:02 AM
PING RECV: 7/23/2023, 7:52:19 AM
PING RECV: 7/23/2023, 7:53:56 AM
7/23/2023, 7:54:02 AM
7/23/2023, 7:56:02 AM
PING RECV: 7/23/2023, 7:57:19 AM
7/23/2023, 7:58:02 AM
PING RECV: 7/23/2023, 7:58:56 AM
7/23/2023, 8:00:02 AM
7/23/2023, 8:02:02 AM
PING RECV: 7/23/2023, 8:02:19 AM
PING RECV: 7/23/2023, 8:03:56 AM
7/23/2023, 8:04:02 AM
7/23/2023, 8:06:02 AM
PING RECV: 7/23/2023, 8:07:19 AM
7/23/2023, 8:08:02 AM
PING RECV: 7/23/2023, 8:08:56 AM
7/23/2023, 8:10:02 AM
7/23/2023, 8:12:02 AM
PING RECV: 7/23/2023, 8:12:19 AM
PING RECV: 7/23/2023, 8:13:56 AM
7/23/2023, 8:14:02 AM
7/23/2023, 8:16:02 AM
PING RECV: 7/23/2023, 8:17:19 AM
7/23/2023, 8:18:02 AM
PING RECV: 7/23/2023, 8:18:56 AM
7/23/2023, 8:20:02 AM
7/23/2023, 8:22:02 AM
PING RECV: 7/23/2023, 8:22:19 AM
PING RECV: 7/23/2023, 8:23:56 AM
7/23/2023, 8:24:02 AM
7/23/2023, 8:26:02 AM
PING RECV: 7/23/2023, 8:27:19 AM
7/23/2023, 8:28:02 AM
PING RECV: 7/23/2023, 8:28:56 AM
7/23/2023, 8:30:02 AM
7/23/2023, 8:32:02 AM
PING RECV: 7/23/2023, 8:32:19 AM
PING RECV: 7/23/2023, 8:33:56 AM
7/23/2023, 8:34:02 AM
7/23/2023, 8:36:02 AM
PING RECV: 7/23/2023, 8:37:19 AM
7/23/2023, 8:38:02 AM
PING RECV: 7/23/2023, 8:38:56 AM
7/23/2023, 8:40:02 AM
7/23/2023, 8:42:02 AM
PING RECV: 7/23/2023, 8:42:19 AM
PING RECV: 7/23/2023, 8:43:56 AM
7/23/2023, 8:44:02 AM
7/23/2023, 8:46:02 AM
PING RECV: 7/23/2023, 8:47:19 AM
7/23/2023, 8:48:02 AM
PING RECV: 7/23/2023, 8:48:56 AM
7/23/2023, 8:50:02 AM
7/23/2023, 8:52:02 AM
PING RECV: 7/23/2023, 8:52:19 AM
PING RECV: 7/23/2023, 8:53:56 AM
7/23/2023, 8:54:02 AM
7/23/2023, 8:56:02 AM
PING RECV: 7/23/2023, 8:57:19 AM
7/23/2023, 8:58:02 AM
PING RECV: 7/23/2023, 8:58:56 AM
7/23/2023, 9:00:02 AM
7/23/2023, 9:02:02 AM
PING RECV: 7/23/2023, 9:02:19 AM
PING RECV: 7/23/2023, 9:03:56 AM
7/23/2023, 9:04:02 AM
7/23/2023, 9:06:02 AM
PING RECV: 7/23/2023, 9:07:19 AM
7/23/2023, 9:08:02 AM
PING RECV: 7/23/2023, 9:08:56 AM
7/23/2023, 9:10:02 AM
7/23/2023, 9:12:02 AM
PING RECV: 7/23/2023, 9:12:19 AM
PING RECV: 7/23/2023, 9:13:56 AM
7/23/2023, 9:14:02 AM
7/23/2023, 9:16:03 AM
PING RECV: 7/23/2023, 9:17:19 AM
7/23/2023, 9:18:03 AM
7/23/2023, 9:20:03 AM
7/23/2023, 9:22:03 AM
PING RECV: 7/23/2023, 9:22:19 AM
PING RECV: 7/23/2023, 9:23:56 AM
7/23/2023, 9:24:03 AM
7/23/2023, 9:26:03 AM
PING RECV: 7/23/2023, 9:27:19 AM
7/23/2023, 9:28:03 AM
PING RECV: 7/23/2023, 9:28:56 AM
7/23/2023, 9:30:03 AM
7/23/2023, 9:32:03 AM
PING RECV: 7/23/2023, 9:32:19 AM
PING RECV: 7/23/2023, 9:33:56 AM
7/23/2023, 9:34:03 AM
7/23/2023, 9:36:03 AM
PING RECV: 7/23/2023, 9:37:19 AM
7/23/2023, 9:38:03 AM
PING RECV: 7/23/2023, 9:38:56 AM
7/23/2023, 9:40:03 AM
7/23/2023, 9:42:03 AM
PING RECV: 7/23/2023, 9:42:19 AM
PING RECV: 7/23/2023, 9:43:56 AM
7/23/2023, 9:44:03 AM
7/23/2023, 9:46:03 AM
PING RECV: 7/23/2023, 9:47:19 AM
7/23/2023, 9:48:03 AM
PING RECV: 7/23/2023, 9:48:56 AM
7/23/2023, 9:50:03 AM
7/23/2023, 9:52:03 AM
PING RECV: 7/23/2023, 9:52:19 AM
PING RECV: 7/23/2023, 9:53:56 AM
7/23/2023, 9:54:03 AM
7/23/2023, 9:56:03 AM
PING RECV: 7/23/2023, 9:57:19 AM
7/23/2023, 9:58:03 AM
PING RECV: 7/23/2023, 9:58:56 AM
7/23/2023, 10:00:03 AM
7/23/2023, 10:02:03 AM
PING RECV: 7/23/2023, 10:02:19 AM
PING RECV: 7/23/2023, 10:03:56 AM
7/23/2023, 10:04:03 AM
7/23/2023, 10:06:03 AM
PING RECV: 7/23/2023, 10:07:19 AM
7/23/2023, 10:08:03 AM
PING RECV: 7/23/2023, 10:08:56 AM
7/23/2023, 10:10:03 AM
7/23/2023, 10:12:03 AM
PING RECV: 7/23/2023, 10:12:19 AM
PING RECV: 7/23/2023, 10:13:56 AM
7/23/2023, 10:14:03 AM
7/23/2023, 10:16:03 AM
PING RECV: 7/23/2023, 10:17:19 AM
7/23/2023, 10:18:03 AM
PING RECV: 7/23/2023, 10:18:56 AM
7/23/2023, 10:20:03 AM
7/23/2023, 10:22:03 AM
PING RECV: 7/23/2023, 10:22:19 AM
PING RECV: 7/23/2023, 10:23:56 AM
7/23/2023, 10:24:03 AM
7/23/2023, 10:26:03 AM
PING RECV: 7/23/2023, 10:27:19 AM
7/23/2023, 10:28:03 AM
PING RECV: 7/23/2023, 10:28:56 AM
7/23/2023, 10:30:03 AM
7/23/2023, 10:32:03 AM
PING RECV: 7/23/2023, 10:32:19 AM
PING RECV: 7/23/2023, 10:33:56 AM
7/23/2023, 10:34:03 AM
7/23/2023, 10:36:03 AM
PING RECV: 7/23/2023, 10:37:19 AM
7/23/2023, 10:38:03 AM
PING RECV: 7/23/2023, 10:38:56 AM
7/23/2023, 10:40:03 AM
7/23/2023, 10:42:03 AM
PING RECV: 7/23/2023, 10:42:19 AM